[32m2024-01-12 16:01:51 [INFO]    [astroclient] > AstroBot_test has connected to Discord![0m
[32m2024-01-12 16:01:52 [INFO]    [astroclient] > synced 5 command(s)[0m
[32m2024-01-12 16:10:53 [INFO]    [astroclient] > AstroBot_test has connected to Discord![0m
[32m2024-01-12 16:10:53 [INFO]    [astroclient] > synced 5 command(s)[0m
[32m2024-01-12 16:13:10 [INFO]    [astroclient] > AstroBot_test has connected to Discord![0m
[32m2024-01-12 16:13:10 [INFO]    [astroclient] > synced 5 command(s)[0m
[32m2024-01-12 16:18:24 [INFO]    [astroclient] > AstroBot_test has connected to Discord![0m
[32m2024-01-12 16:18:25 [INFO]    [astroclient] > synced 5 command(s)[0m
[32m2024-01-12 17:06:50 [INFO]    [astroclient] > AstroBot_test has connected to Discord![0m
[32m2024-01-12 17:06:51 [INFO]    [astroclient] > synced 5 command(s)[0m
[32m2024-01-12 17:08:20 [INFO]    [astroclient] > AstroBot_test has connected to Discord![0m
[32m2024-01-12 17:08:22 [INFO]    [astroclient] > synced 5 command(s)[0m
[32m2024-01-12 17:40:55 [INFO]    [astroclient] > AstroBot_test has connected to Discord![0m
[32m2024-01-12 17:40:55 [INFO]    [astroclient] > synced 5 command(s)[0m
[32m2024-01-12 17:45:11 [INFO]    [astroclient] > AstroBot_test has connected to Discord![0m
[32m2024-01-12 17:45:11 [INFO]    [astroclient] > synced 5 command(s)[0m
[32m2024-01-12 17:46:00 [INFO]    [astroclient] > AstroBot_test has connected to Discord![0m
[32m2024-01-12 17:46:01 [INFO]    [astroclient] > synced 5 command(s)[0m
[32m2024-01-12 17:47:52 [INFO]    [astroclient] > AstroBot_test has connected to Discord![0m
[32m2024-01-12 17:47:52 [INFO]    [astroclient] > synced 5 command(s)[0m
[32m2024-01-12 17:51:22 [INFO]    [astroclient] > AstroBot_test has connected to Discord![0m
[32m2024-01-12 17:51:22 [INFO]    [astroclient] > synced 5 command(s)[0m
[32m2024-01-12 17:55:13 [INFO]    [astroclient] > AstroBot_test has connected to Discord![0m
[32m2024-01-12 17:55:13 [INFO]    [astroclient] > synced 5 command(s)[0m
[32m2024-01-12 17:58:29 [INFO]    [astroclient] > AstroBot_test has connected to Discord![0m
[32m2024-01-12 17:58:30 [INFO]    [astroclient] > synced 5 command(s)[0m
[32m2024-01-12 18:01:15 [INFO]    [astroclient] > AstroBot_test has connected to Discord![0m
[32m2024-01-12 18:01:15 [INFO]    [astroclient] > synced 5 command(s)[0m
[32m2024-01-12 18:03:12 [INFO]    [astroclient] > AstroBot_test has connected to Discord![0m
[32m2024-01-12 18:03:12 [INFO]    [astroclient] > synced 5 command(s)[0m
[32m2024-01-12 18:05:12 [INFO]    [astroclient] > AstroBot_test has connected to Discord![0m
[32m2024-01-12 18:05:12 [INFO]    [astroclient] > synced 5 command(s)[0m
[32m2024-01-12 18:05:49 [INFO]    [astroclient] > AstroBot_test has connected to Discord![0m
[32m2024-01-12 18:05:49 [INFO]    [astroclient] > synced 5 command(s)[0m
[32m2024-01-12 18:06:27 [INFO]    [astroclient] > AstroBot_test has connected to Discord![0m
[32m2024-01-12 18:06:28 [INFO]    [astroclient] > synced 5 command(s)[0m
[32m2024-01-12 18:14:27 [INFO]    [astroclient] > AstroBot_test has connected to Discord![0m
[32m2024-01-12 18:14:28 [INFO]    [astroclient] > synced 5 command(s)[0m
[32m2024-01-12 18:26:00 [INFO]    [astroclient] > AstroBot_test has connected to Discord![0m
[32m2024-01-12 18:26:01 [INFO]    [astroclient] > synced 5 command(s)[0m
[32m2024-01-12 18:26:57 [INFO]    [astroclient] > AstroBot_test has connected to Discord![0m
[32m2024-01-12 18:26:58 [INFO]    [astroclient] > synced 5 command(s)[0m
[32m2024-01-12 18:28:00 [INFO]    [astroclient] > AstroBot_test has connected to Discord![0m
[32m2024-01-12 18:28:01 [INFO]    [astroclient] > synced 5 command(s)[0m
[32m2024-01-12 18:29:25 [INFO]    [astroclient] > AstroBot_test has connected to Discord![0m
[32m2024-01-12 18:29:25 [INFO]    [astroclient] > synced 5 command(s)[0m
[32m2024-01-12 18:31:01 [INFO]    [astroclient] > AstroBot_test has connected to Discord![0m
[32m2024-01-12 18:31:02 [INFO]    [astroclient] > synced 5 command(s)[0m
[32m2024-01-12 18:34:44 [INFO]    [astroclient] > AstroBot_test has connected to Discord![0m
[32m2024-01-12 18:34:44 [INFO]    [astroclient] > synced 5 command(s)[0m
[32m2024-01-12 18:35:57 [INFO]    [astroclient] > AstroBot_test has connected to Discord![0m
[32m2024-01-12 18:35:58 [INFO]    [astroclient] > synced 5 command(s)[0m
[32m2024-01-12 18:39:58 [INFO]    [astroclient] > AstroBot_test has connected to Discord![0m
[32m2024-01-12 18:39:59 [INFO]    [astroclient] > synced 5 command(s)[0m
[32m2024-01-12 18:40:56 [INFO]    [astroclient] > AstroBot_test has connected to Discord![0m
[32m2024-01-12 18:40:57 [INFO]    [astroclient] > synced 5 command(s)[0m
[32m2024-01-12 18:42:08 [INFO]    [astroclient] > AstroBot_test has connected to Discord![0m
[32m2024-01-12 18:42:08 [INFO]    [astroclient] > synced 5 command(s)[0m
[32m2024-01-12 18:53:23 [INFO]    [astroclient] > AstroBot_test has connected to Discord![0m
[32m2024-01-12 18:53:24 [INFO]    [astroclient] > synced 5 command(s)[0m
[32m2024-01-12 19:20:06 [INFO]    [astroclient] > AstroBot_test has connected to Discord![0m
[32m2024-01-12 19:20:07 [INFO]    [astroclient] > synced 5 command(s)[0m
[32m2024-01-12 19:21:09 [INFO]    [astroclient] > AstroBot_test has connected to Discord![0m
[32m2024-01-12 19:21:09 [INFO]    [astroclient] > synced 5 command(s)[0m
[32m2024-01-12 19:23:52 [INFO]    [astroclient] > AstroBot_test has connected to Discord![0m
[32m2024-01-12 19:23:52 [INFO]    [astroclient] > synced 5 command(s)[0m
[32m2024-01-12 19:25:10 [INFO]    [astroclient] > AstroBot_test has connected to Discord![0m
[32m2024-01-12 19:25:10 [INFO]    [astroclient] > synced 5 command(s)[0m
[32m2024-01-12 19:26:45 [INFO]    [astroclient] > AstroBot_test has connected to Discord![0m
[32m2024-01-12 19:26:45 [INFO]    [astroclient] > synced 5 command(s)[0m
[32m2024-01-12 19:27:32 [INFO]    [astroclient] > AstroBot_test has connected to Discord![0m
[32m2024-01-12 19:27:33 [INFO]    [astroclient] > synced 5 command(s)[0m
[32m2024-01-12 19:28:34 [INFO]    [astroclient] > AstroBot_test has connected to Discord![0m
[32m2024-01-12 19:28:34 [INFO]    [astroclient] > synced 5 command(s)[0m
[32m2024-01-12 19:33:11 [INFO]    [astroclient] > AstroBot_test has connected to Discord![0m
[32m2024-01-12 19:33:11 [INFO]    [astroclient] > synced 5 command(s)[0m
[32m2024-01-12 19:38:15 [INFO]    [astroclient] > AstroBot_test has connected to Discord![0m
[32m2024-01-12 19:38:15 [INFO]    [astroclient] > synced 5 command(s)[0m
[32m2024-01-12 19:41:05 [INFO]    [astroclient] > AstroBot_test has connected to Discord![0m
[32m2024-01-12 19:41:05 [INFO]    [astroclient] > synced 5 command(s)[0m
[32m2024-01-12 19:46:54 [INFO]    [astroclient] > AstroBot_test has connected to Discord![0m
[32m2024-01-12 19:46:54 [INFO]    [astroclient] > synced 5 command(s)[0m
[32m2024-01-12 19:51:20 [INFO]    [astroclient] > AstroBot_test has connected to Discord![0m
[32m2024-01-12 19:51:20 [INFO]    [astroclient] > synced 5 command(s)[0m
[32m2024-01-14 17:42:35 [INFO]    [astroclient] > AstroBot_test has connected to Discord![0m
[32m2024-01-14 17:42:35 [INFO]    [astroclient] > synced 5 command(s)[0m
[32m2024-01-14 17:48:45 [INFO]    [astroclient] > AstroBot_test has connected to Discord![0m
[32m2024-01-14 17:48:46 [INFO]    [astroclient] > synced 5 command(s)[0m
[32m2024-01-14 21:00:22 [INFO]    [astroclient] > AstroBot_test has connected to Discord![0m
[32m2024-01-14 21:00:22 [INFO]    [astroclient] > synced 5 command(s)[0m
[31m2024-01-14 21:00:22 [ERROR]   [astroclient] > error syncing commands: Task is already launched and is not completed.[0m
[32m2024-01-15 12:13:04 [INFO]    [astroclient] > AstroBot_test has connected to Discord![0m
[32m2024-01-15 12:13:06 [INFO]    [astroclient] > synced 5 command(s)[0m
[31m2024-01-15 12:13:06 [ERROR]   [astroclient] > error syncing commands: Task is already launched and is not completed.[0m
[32m2024-01-15 22:45:12 [INFO]    [astroclient] > AstroBot_test has connected to Discord![0m
[32m2024-01-15 22:45:13 [INFO]    [astroclient] > synced 5 command(s)[0m
[31m2024-01-15 22:45:13 [ERROR]   [astroclient] > error syncing commands: Task is already launched and is not completed.[0m
[32m2024-01-18 09:18:28 [INFO]    [astroclient] > AstroBot_test has connected to Discord![0m
[32m2024-01-18 09:18:29 [INFO]    [astroclient] > synced 5 command(s)[0m
[32m2024-01-18 11:19:47 [INFO]    [astroclient] > AstroBot_test has connected to Discord![0m
[32m2024-01-18 11:19:47 [INFO]    [astroclient] > synced 5 command(s)[0m
[32m2024-01-18 11:22:31 [INFO]    [astroclient] > AstroBot_test has connected to Discord![0m
[32m2024-01-18 11:22:32 [INFO]    [astroclient] > synced 5 command(s)[0m
[32m2024-01-18 11:26:20 [INFO]    [astroclient] > AstroBot_test has connected to Discord![0m
[32m2024-01-18 11:26:21 [INFO]    [astroclient] > synced 5 command(s)[0m
[32m2024-01-18 12:23:50 [INFO]    [astroclient] > AstroBot_test has connected to Discord![0m
[32m2024-01-18 12:23:50 [INFO]    [astroclient] > synced 5 command(s)[0m
[31m2024-01-18 12:23:50 [ERROR]   [astroclient] > error syncing commands: Task is already launched and is not completed.[0m
[32m2024-01-18 12:40:25 [INFO]    [astroclient] > AstroBot_test has connected to Discord![0m
[32m2024-01-18 12:40:26 [INFO]    [astroclient] > synced 5 command(s)[0m
[32m2024-01-18 13:20:55 [INFO]    [astroclient] > AstroBot_test has connected to Discord![0m
[32m2024-01-18 13:20:55 [INFO]    [astroclient] > synced 5 command(s)[0m
[32m2024-01-18 13:34:54 [INFO]    [astroclient] > AstroBot_test has connected to Discord![0m
[32m2024-01-18 13:34:55 [INFO]    [astroclient] > synced 5 command(s)[0m
[32m2024-01-18 13:55:26 [INFO]    [astroclient] > AstroBot_test has connected to Discord![0m
[32m2024-01-18 13:55:26 [INFO]    [astroclient] > synced 5 command(s)[0m
[32m2024-01-18 14:17:51 [INFO]    [astroclient] > AstroBot_test has connected to Discord![0m
[32m2024-01-18 14:17:52 [INFO]    [astroclient] > synced 5 command(s)[0m
[32m2024-01-18 14:24:19 [INFO]    [astroclient] > AstroBot_test has connected to Discord![0m
[32m2024-01-18 14:24:19 [INFO]    [astroclient] > synced 5 command(s)[0m
[32m2024-01-18 14:27:33 [INFO]    [astroclient] > AstroBot_test has connected to Discord![0m
[32m2024-01-18 14:27:33 [INFO]    [astroclient] > synced 5 command(s)[0m
[32m2024-01-18 14:52:53 [INFO]    [astroclient] > AstroBot_test has connected to Discord![0m
[32m2024-01-18 14:52:54 [INFO]    [astroclient] > synced 5 command(s)[0m
[32m2024-01-18 15:12:33 [INFO]    [astroclient] > AstroBot_test has connected to Discord![0m
[32m2024-01-18 15:12:33 [INFO]    [astroclient] > synced 5 command(s)[0m
[32m2024-01-18 15:16:40 [INFO]    [astroclient] > AstroBot_test has connected to Discord![0m
[32m2024-01-18 15:16:41 [INFO]    [astroclient] > synced 5 command(s)[0m
[32m2024-01-18 15:20:57 [INFO]    [astroclient] > AstroBot_test has connected to Discord![0m
[32m2024-01-18 15:20:57 [INFO]    [astroclient] > synced 5 command(s)[0m
[32m2024-01-18 15:32:55 [INFO]    [astroclient] > AstroBot_test has connected to Discord![0m
[32m2024-01-18 15:32:56 [INFO]    [astroclient] > synced 5 command(s)[0m
[32m2024-01-18 15:40:04 [INFO]    [astroclient] > AstroBot_test has connected to Discord![0m
[32m2024-01-18 15:40:04 [INFO]    [astroclient] > synced 5 command(s)[0m
[32m2024-01-18 16:12:20 [INFO]    [astroclient] > AstroBot_test has connected to Discord![0m
[32m2024-01-18 16:12:20 [INFO]    [astroclient] > synced 5 command(s)[0m
[32m2024-01-18 16:22:24 [INFO]    [astroclient] > AstroBot_test has connected to Discord![0m
[32m2024-01-18 16:22:24 [INFO]    [astroclient] > synced 5 command(s)[0m
[32m2024-01-18 16:31:53 [INFO]    [astroclient] > AstroBot_test has connected to Discord![0m
[32m2024-01-18 16:31:53 [INFO]    [astroclient] > synced 5 command(s)[0m
[32m2024-01-18 16:36:30 [INFO]    [astroclient] > AstroBot_test has connected to Discord![0m
[32m2024-01-18 16:36:32 [INFO]    [astroclient] > synced 5 command(s)[0m
[32m2024-01-18 16:48:19 [INFO]    [astroclient] > AstroBot_test has connected to Discord![0m
[32m2024-01-18 16:48:19 [INFO]    [astroclient] > synced 5 command(s)[0m
[32m2024-01-18 16:48:49 [INFO]    [astroclient] > AstroBot_test has connected to Discord![0m
[32m2024-01-18 16:48:50 [INFO]    [astroclient] > synced 5 command(s)[0m
[32m2024-01-18 16:51:43 [INFO]    [astroclient] > AstroBot_test has connected to Discord![0m
[32m2024-01-18 16:51:44 [INFO]    [astroclient] > synced 5 command(s)[0m
[32m2024-01-18 16:52:42 [INFO]    [astroclient] > AstroBot_test has connected to Discord![0m
[32m2024-01-18 16:53:12 [INFO]    [astroclient] > synced 5 command(s)[0m
[32m2024-01-18 16:54:03 [INFO]    [astroclient] > AstroBot_test has connected to Discord![0m
[32m2024-01-18 16:54:04 [INFO]    [astroclient] > synced 5 command(s)[0m
[32m2024-01-18 16:57:16 [INFO]    [astroclient] > AstroBot_test has connected to Discord![0m
[32m2024-01-18 16:57:16 [INFO]    [astroclient] > synced 5 command(s)[0m
[32m2024-01-25 08:25:16 [INFO]    [astroclient] > AstroBot_test has connected to Discord![0m
[32m2024-01-25 08:25:17 [INFO]    [astroclient] > synced 5 command(s)[0m
[32m2024-01-25 08:26:33 [INFO]    [astroclient] > AstroBot_test has connected to Discord![0m
[32m2024-01-25 08:26:33 [INFO]    [astroclient] > synced 5 command(s)[0m
[32m2024-01-25 08:27:16 [INFO]    [astroclient] > AstroBot_test has connected to Discord![0m
[32m2024-01-25 08:27:16 [INFO]    [astroclient] > synced 5 command(s)[0m
[32m2024-01-25 08:29:54 [INFO]    [astroclient] > AstroBot_test has connected to Discord![0m
[32m2024-01-25 08:29:54 [INFO]    [astroclient] > synced 5 command(s)[0m
[32m2024-01-25 08:31:27 [INFO]    [astroclient] > AstroBot_test has connected to Discord![0m
[32m2024-01-25 08:31:27 [INFO]    [astroclient] > synced 5 command(s)[0m
[32m2024-01-25 08:32:37 [INFO]    [astroclient] > AstroBot_test has connected to Discord![0m
[32m2024-01-25 08:32:37 [INFO]    [astroclient] > synced 5 command(s)[0m
[32m2024-01-25 08:35:47 [INFO]    [astroclient] > AstroBot_test has connected to Discord![0m
[32m2024-01-25 08:35:48 [INFO]    [astroclient] > synced 5 command(s)[0m
[32m2024-01-25 08:39:11 [INFO]    [astroclient] > AstroBot_test has connected to Discord![0m
[32m2024-01-25 08:39:11 [INFO]    [astroclient] > synced 5 command(s)[0m
[32m2024-01-25 08:39:39 [INFO]    [astroclient] > AstroBot_test has connected to Discord![0m
[32m2024-01-25 08:40:46 [INFO]    [astroclient] > AstroBot_test has connected to Discord![0m
[32m2024-01-25 08:40:47 [INFO]    [astroclient] > synced 5 command(s)[0m
[32m2024-01-25 08:52:48 [INFO]    [astroclient] > AstroBot_test has connected to Discord![0m
[32m2024-01-25 08:52:49 [INFO]    [astroclient] > synced 5 command(s)[0m
[32m2024-01-25 09:01:31 [INFO]    [astroclient] > AstroBot_test has connected to Discord![0m
[32m2024-01-25 09:01:31 [INFO]    [astroclient] > synced 5 command(s)[0m
[32m2024-01-25 10:10:50 [INFO]    [astroclient] > AstroBot_test has connected to Discord![0m
[32m2024-01-25 10:10:51 [INFO]    [astroclient] > synced 5 command(s)[0m
[31m2024-01-25 10:10:51 [ERROR]   [astroclient] > Channel with ID 1199957280112791665 not found or not a forum channel.[0m
[32m2024-01-25 10:12:25 [INFO]    [astroclient] > AstroBot_test has connected to Discord![0m
[32m2024-01-25 10:12:25 [INFO]    [astroclient] > synced 5 command(s)[0m
[31m2024-01-25 10:12:25 [ERROR]   [astroclient] > Channel with ID AstroCom Ekip not found or not a forum channel.[0m
[32m2024-01-25 10:16:36 [INFO]    [astroclient] > AstroBot_test has connected to Discord![0m
[32m2024-01-25 10:16:37 [INFO]    [astroclient] > synced 5 command(s)[0m
[32m2024-01-25 10:43:10 [INFO]    [astroclient] > AstroBot_test has connected to Discord![0m
[32m2024-01-25 10:43:10 [INFO]    [astroclient] > synced 5 command(s)[0m
[32m2024-01-25 10:48:41 [INFO]    [astroclient] > AstroBot_test has connected to Discord![0m
[32m2024-01-25 10:48:41 [INFO]    [astroclient] > synced 5 command(s)[0m
[32m2024-01-25 13:32:53 [INFO]    [astroclient] > AstroBot_test has connected to Discord![0m
[32m2024-01-25 13:32:53 [INFO]    [astroclient] > synced 5 command(s)[0m
[32m2024-01-25 13:36:26 [INFO]    [astroclient] > AstroBot_test has connected to Discord![0m
[32m2024-01-25 13:36:26 [INFO]    [astroclient] > synced 5 command(s)[0m
[32m2024-01-25 13:37:16 [INFO]    [astroclient] > AstroBot_test has connected to Discord![0m
[32m2024-01-25 13:37:17 [INFO]    [astroclient] > synced 5 command(s)[0m
[31m2024-01-25 13:38:35 [ERROR]   [astroclient] > Thread not found for server 1023692787985698826.[0m
[31m2024-01-25 13:38:35 [ERROR]   [astroclient] > Thread not found for server 1023692787985698826.[0m
[31m2024-01-25 13:38:36 [ERROR]   [astroclient] > Thread not found for server 1023692787985698826.[0m
[31m2024-01-25 13:38:36 [ERROR]   [astroclient] > Thread not found for server 1023692787985698826.[0m
[31m2024-01-25 13:38:36 [ERROR]   [astroclient] > Thread not found for server 1023692787985698826.[0m
[31m2024-01-25 13:38:36 [ERROR]   [astroclient] > Thread not found for server 1023692787985698826.[0m
[31m2024-01-25 13:38:37 [ERROR]   [astroclient] > Thread not found for server 1023692787985698826.[0m
[31m2024-01-25 13:38:37 [ERROR]   [astroclient] > Thread not found for server 1023692787985698826.[0m
[31m2024-01-25 13:38:39 [ERROR]   [astroclient] > Thread not found for server 1023692787985698826.[0m
[31m2024-01-25 13:38:39 [ERROR]   [astroclient] > Thread not found for server 1023692787985698826.[0m
[31m2024-01-25 13:38:39 [ERROR]   [astroclient] > Thread not found for server 1023692787985698826.[0m
[31m2024-01-25 13:38:40 [ERROR]   [astroclient] > Thread not found for server 1023692787985698826.[0m
[31m2024-01-25 13:38:40 [ERROR]   [astroclient] > Thread not found for server 1023692787985698826.[0m
[31m2024-01-25 13:38:40 [ERROR]   [astroclient] > Thread not found for server 1023692787985698826.[0m
[31m2024-01-25 13:38:41 [ERROR]   [astroclient] > Thread not found for server 1023692787985698826.[0m
[31m2024-01-25 13:38:41 [ERROR]   [astroclient] > Thread not found for server 1023692787985698826.[0m
[31m2024-01-25 13:38:44 [ERROR]   [astroclient] > Thread not found for server 1023692787985698826.[0m
[31m2024-01-25 13:38:45 [ERROR]   [astroclient] > Thread not found for server 1023692787985698826.[0m
[31m2024-01-25 13:38:45 [ERROR]   [astroclient] > Thread not found for server 1023692787985698826.[0m
[31m2024-01-25 13:38:45 [ERROR]   [astroclient] > Thread not found for server 1023692787985698826.[0m
[31m2024-01-25 13:38:45 [ERROR]   [astroclient] > Thread not found for server 1023692787985698826.[0m
[31m2024-01-25 13:38:46 [ERROR]   [astroclient] > Thread not found for server 1023692787985698826.[0m
[31m2024-01-25 13:38:46 [ERROR]   [astroclient] > Thread not found for server 1023692787985698826.[0m
[31m2024-01-25 13:38:47 [ERROR]   [astroclient] > Thread not found for server 1023692787985698826.[0m
[32m2024-01-25 13:39:38 [INFO]    [astroclient] > AstroBot_test has connected to Discord![0m
[32m2024-01-25 13:39:39 [INFO]    [astroclient] > synced 5 command(s)[0m
[31m2024-01-25 13:40:50 [ERROR]   [astroclient] > Thread not found for server 1023692787985698826.[0m
[31m2024-01-25 13:40:52 [ERROR]   [astroclient] > Thread not found for server 1023692787985698826.[0m
[31m2024-01-25 13:40:52 [ERROR]   [astroclient] > Thread not found for server 1023692787985698826.[0m
[31m2024-01-25 13:40:52 [ERROR]   [astroclient] > Thread not found for server 1023692787985698826.[0m
[31m2024-01-25 13:40:53 [ERROR]   [astroclient] > Thread not found for server 1023692787985698826.[0m
[31m2024-01-25 13:40:53 [ERROR]   [astroclient] > Thread not found for server 1023692787985698826.[0m
[31m2024-01-25 13:40:53 [ERROR]   [astroclient] > Thread not found for server 1023692787985698826.[0m
[31m2024-01-25 13:40:54 [ERROR]   [astroclient] > Thread not found for server 1023692787985698826.[0m
[31m2024-01-25 13:40:54 [ERROR]   [astroclient] > Thread not found for server 1023692787985698826.[0m
[31m2024-01-25 13:40:56 [ERROR]   [astroclient] > Thread not found for server 1023692787985698826.[0m
[31m2024-01-25 13:40:56 [ERROR]   [astroclient] > Thread not found for server 1023692787985698826.[0m
[31m2024-01-25 13:40:57 [ERROR]   [astroclient] > Thread not found for server 1023692787985698826.[0m
[31m2024-01-25 13:40:57 [ERROR]   [astroclient] > Thread not found for server 1023692787985698826.[0m
[31m2024-01-25 13:40:57 [ERROR]   [astroclient] > Thread not found for server 1023692787985698826.[0m
[31m2024-01-25 13:40:58 [ERROR]   [astroclient] > Thread not found for server 1023692787985698826.[0m
[31m2024-01-25 13:40:58 [ERROR]   [astroclient] > Thread not found for server 1023692787985698826.[0m
[31m2024-01-25 13:40:58 [ERROR]   [astroclient] > Thread not found for server 1023692787985698826.[0m
[32m2024-01-25 13:52:27 [INFO]    [astroclient] > AstroBot_test has connected to Discord![0m
[32m2024-01-25 13:52:27 [INFO]    [astroclient] > synced 5 command(s)[0m
[31m2024-01-25 13:52:29 [ERROR]   [astroclient] > Thread not found for server 1023692787985698826.[0m
[32m2024-01-25 13:53:55 [INFO]    [astroclient] > AstroBot_test has connected to Discord![0m
[32m2024-01-25 13:53:56 [INFO]    [astroclient] > synced 5 command(s)[0m
[32m2024-01-25 14:01:39 [INFO]    [astroclient] > AstroBot_test has connected to Discord![0m
[32m2024-01-25 14:01:39 [INFO]    [astroclient] > synced 5 command(s)[0m
[32m2024-01-25 14:03:31 [INFO]    [astroclient] > AstroBot_test has connected to Discord![0m
[32m2024-01-25 14:03:32 [INFO]    [astroclient] > synced 5 command(s)[0m
[32m2024-01-25 14:06:25 [INFO]    [astroclient] > AstroBot_test has connected to Discord![0m
[32m2024-01-25 14:06:26 [INFO]    [astroclient] > synced 5 command(s)[0m
[32m2024-01-25 14:11:29 [INFO]    [astroclient] > AstroBot_test has connected to Discord![0m
[32m2024-01-25 14:11:30 [INFO]    [astroclient] > synced 5 command(s)[0m
[32m2024-01-25 14:23:41 [INFO]    [astroclient] > AstroBot_test has connected to Discord![0m
[32m2024-01-25 14:23:41 [INFO]    [astroclient] > synced 5 command(s)[0m
[32m2024-01-25 14:25:07 [INFO]    [astroclient] > AstroBot_test has connected to Discord![0m
[32m2024-01-25 14:25:07 [INFO]    [astroclient] > synced 5 command(s)[0m
[32m2024-01-25 14:25:55 [INFO]    [astroclient] > AstroBot_test has connected to Discord![0m
[32m2024-01-25 14:25:55 [INFO]    [astroclient] > synced 5 command(s)[0m
[32m2024-01-25 14:28:54 [INFO]    [astroclient] > AstroBot_test has connected to Discord![0m
[32m2024-01-25 14:28:55 [INFO]    [astroclient] > synced 5 command(s)[0m
[32m2024-01-25 14:35:55 [INFO]    [astroclient] > AstroBot_test has connected to Discord![0m
[32m2024-01-25 14:35:55 [INFO]    [astroclient] > synced 5 command(s)[0m
[32m2024-01-25 14:39:35 [INFO]    [astroclient] > AstroBot_test has connected to Discord![0m
[32m2024-01-25 14:39:36 [INFO]    [astroclient] > synced 5 command(s)[0m
[32m2024-01-25 14:40:31 [INFO]    [astroclient] > AstroBot_test has connected to Discord![0m
[32m2024-01-25 14:40:31 [INFO]    [astroclient] > synced 5 command(s)[0m
[32m2024-01-25 14:43:28 [INFO]    [astroclient] > AstroBot_test has connected to Discord![0m
[32m2024-01-25 14:43:29 [INFO]    [astroclient] > synced 5 command(s)[0m
[32m2024-01-25 14:46:59 [INFO]    [astroclient] > AstroBot_test has connected to Discord![0m
[32m2024-01-25 14:46:59 [INFO]    [astroclient] > synced 5 command(s)[0m
[32m2024-01-25 14:48:35 [INFO]    [astroclient] > AstroBot_test has connected to Discord![0m
[32m2024-01-25 14:48:35 [INFO]    [astroclient] > synced 5 command(s)[0m
[31m2024-01-25 14:48:37 [ERROR]   [astroclient] > Thread not found for server 1023692787985698826.[0m
[32m2024-01-25 14:50:33 [INFO]    [astroclient] > AstroBot_test has connected to Discord![0m
[32m2024-01-25 14:50:34 [INFO]    [astroclient] > synced 5 command(s)[0m
[32m2024-01-25 14:53:37 [INFO]    [astroclient] > AstroBot_test has connected to Discord![0m
[32m2024-01-25 14:53:37 [INFO]    [astroclient] > synced 5 command(s)[0m
[32m2024-01-25 15:13:57 [INFO]    [astroclient] > AstroBot_test has connected to Discord![0m
[32m2024-01-25 15:13:57 [INFO]    [astroclient] > synced 5 command(s)[0m
[32m2024-01-25 15:18:50 [INFO]    [astroclient] > AstroBot_test has connected to Discord![0m
[32m2024-01-25 15:18:51 [INFO]    [astroclient] > synced 5 command(s)[0m
[32m2024-01-25 15:23:13 [INFO]    [astroclient] > AstroBot_test has connected to Discord![0m
[32m2024-01-25 15:23:13 [INFO]    [astroclient] > synced 5 command(s)[0m
[32m2024-01-25 15:28:34 [INFO]    [astroclient] > AstroBot_test has connected to Discord![0m
[32m2024-01-25 15:28:34 [INFO]    [astroclient] > synced 5 command(s)[0m
[32m2024-01-25 15:31:31 [INFO]    [astroclient] > AstroBot_test has connected to Discord![0m
[32m2024-01-25 15:31:31 [INFO]    [astroclient] > synced 5 command(s)[0m
[31m2024-01-25 15:31:31 [ERROR]   [astroclient] > Channel with ID 1200041521056059442 not found or not a forum channel on 1023692787985698826.[0m
[32m2024-01-25 15:34:19 [INFO]    [astroclient] > AstroBot_test has connected to Discord![0m
[32m2024-01-25 15:34:19 [INFO]    [astroclient] > synced 5 command(s)[0m
[32m2024-01-25 15:43:46 [INFO]    [astroclient] > AstroBot_test has connected to Discord![0m
[32m2024-01-25 15:43:46 [INFO]    [astroclient] > synced 5 command(s)[0m
[31m2024-01-25 15:45:05 [ERROR]   [astroclient] > Failed to post in thread 1200058526270247073: 400 Bad Request (error code: 50006): Cannot send an empty message[0m
[32m2024-01-25 15:46:36 [INFO]    [astroclient] > AstroBot_test has connected to Discord![0m
[32m2024-01-25 15:46:36 [INFO]    [astroclient] > synced 5 command(s)[0m
[31m2024-01-25 15:47:55 [ERROR]   [astroclient] > Failed to post in thread 1200058768474513409: 400 Bad Request (error code: 50006): Cannot send an empty message[0m
[31m2024-01-25 15:48:13 [ERROR]   [astroclient] > Failed to post in thread 1200059462107545651: 400 Bad Request (error code: 50006): Cannot send an empty message[0m
[31m2024-01-25 15:48:40 [ERROR]   [astroclient] > Failed to post in thread 1200059462107545651: 400 Bad Request (error code: 50006): Cannot send an empty message[0m
[31m2024-01-25 15:49:41 [ERROR]   [astroclient] > Failed to post in thread 1200059672359600319: 400 Bad Request (error code: 50006): Cannot send an empty message[0m
[32m2024-01-25 15:52:52 [INFO]    [astroclient] > AstroBot_test has connected to Discord![0m
[32m2024-01-25 15:52:52 [INFO]    [astroclient] > synced 5 command(s)[0m
[31m2024-01-25 15:54:11 [ERROR]   [astroclient] > Failed to post in thread 1200060747871432785: 400 Bad Request (error code: 50006): Cannot send an empty message[0m
[31m2024-01-25 15:54:56 [ERROR]   [astroclient] > Failed to post in thread 1200061059676000319: 400 Bad Request (error code: 50006): Cannot send an empty message[0m
[32m2024-01-25 15:56:16 [INFO]    [astroclient] > AstroBot_test has connected to Discord![0m
[32m2024-01-25 15:56:16 [INFO]    [astroclient] > synced 5 command(s)[0m
[32m2024-01-25 16:00:16 [INFO]    [astroclient] > AstroBot_test has connected to Discord![0m
[32m2024-01-25 16:00:17 [INFO]    [astroclient] > synced 5 command(s)[0m
[32m2024-02-05 09:54:15 [INFO]    [astroclient] > AstroBot_test has connected to Discord![0m
[32m2024-02-05 09:54:16 [INFO]    [astroclient] > synced 5 command(s)[0m
[32m2024-02-05 10:01:29 [INFO]    [astroclient] > AstroBot_test has connected to Discord![0m
[32m2024-02-05 10:01:29 [INFO]    [astroclient] > synced 5 command(s)[0m
[32m2024-02-05 10:04:45 [INFO]    [astroclient] > AstroBot_test has connected to Discord![0m
[32m2024-02-05 10:04:46 [INFO]    [astroclient] > synced 5 command(s)[0m
[32m2024-02-05 10:17:24 [INFO]    [astroclient] > AstroBot_test has connected to Discord![0m
[32m2024-02-05 10:17:24 [INFO]    [astroclient] > synced 5 command(s)[0m
[32m2024-02-05 10:19:56 [INFO]    [astroclient] > AstroBot_test has connected to Discord![0m
[32m2024-02-05 10:19:57 [INFO]    [astroclient] > synced 5 command(s)[0m
[32m2024-02-05 10:20:54 [INFO]    [astroclient] > AstroBot_test has connected to Discord![0m
[32m2024-02-05 10:20:54 [INFO]    [astroclient] > synced 5 command(s)[0m
[32m2024-02-05 10:39:00 [INFO]    [astroclient] > AstroBot_test has connected to Discord![0m
[32m2024-02-05 10:39:00 [INFO]    [astroclient] > synced 5 command(s)[0m
[32m2024-02-05 10:45:35 [INFO]    [astroclient] > AstroBot_test has connected to Discord![0m
[32m2024-02-05 10:45:35 [INFO]    [astroclient] > synced 5 command(s)[0m
[32m2024-02-05 10:46:28 [INFO]    [astroclient] > AstroBot_test has connected to Discord![0m
[32m2024-02-05 10:46:28 [INFO]    [astroclient] > synced 5 command(s)[0m
[32m2024-02-05 10:48:01 [INFO]    [astroclient] > AstroBot_test has connected to Discord![0m
[32m2024-02-05 10:48:01 [INFO]    [astroclient] > synced 5 command(s)[0m
[32m2024-02-05 10:54:20 [INFO]    [astroclient] > AstroBot_test has connected to Discord![0m
[32m2024-02-05 10:54:20 [INFO]    [astroclient] > synced 5 command(s)[0m
[32m2024-02-05 10:57:08 [INFO]    [astroclient] > AstroBot_test has connected to Discord![0m
[32m2024-02-05 10:57:09 [INFO]    [astroclient] > synced 5 command(s)[0m
[32m2024-02-05 11:00:13 [INFO]    [astroclient] > AstroBot_test has connected to Discord![0m
[32m2024-02-05 11:00:14 [INFO]    [astroclient] > synced 5 command(s)[0m
[32m2024-02-05 11:01:38 [INFO]    [astroclient] > AstroBot_test has connected to Discord![0m
[32m2024-02-05 11:01:39 [INFO]    [astroclient] > synced 5 command(s)[0m
[32m2024-02-05 11:05:16 [INFO]    [astroclient] > AstroBot_test has connected to Discord![0m
[32m2024-02-05 11:05:17 [INFO]    [astroclient] > synced 5 command(s)[0m
[32m2024-02-05 11:11:59 [INFO]    [astroclient] > AstroBot_test has connected to Discord![0m
[32m2024-02-05 11:11:59 [INFO]    [astroclient] > synced 5 command(s)[0m
[32m2024-02-05 11:14:59 [INFO]    [astroclient] > AstroBot_test has connected to Discord![0m
[32m2024-02-05 11:15:00 [INFO]    [astroclient] > synced 5 command(s)[0m
[32m2024-02-05 11:47:56 [INFO]    [astroclient] > AstroBot_test has connected to Discord![0m
[32m2024-02-05 11:47:57 [INFO]    [astroclient] > synced 5 command(s)[0m
[31m2024-02-05 11:47:57 [ERROR]   [astroclient] > error syncing commands: Task is already launched and is not completed.[0m
[32m2024-02-05 12:19:54 [INFO]    [astroclient] > AstroBot_test has connected to Discord![0m
[32m2024-02-05 12:19:54 [INFO]    [astroclient] > synced 5 command(s)[0m
[32m2024-02-05 12:56:29 [INFO]    [astroclient] > AstroBot_test has connected to Discord![0m
[32m2024-02-05 12:56:29 [INFO]    [astroclient] > synced 5 command(s)[0m
[32m2024-02-05 13:07:15 [INFO]    [astroclient] > AstroBot_test has connected to Discord![0m
[32m2024-02-05 13:07:15 [INFO]    [astroclient] > synced 5 command(s)[0m
[32m2024-02-05 13:08:49 [INFO]    [astroclient] > AstroBot_test has connected to Discord![0m
[32m2024-02-05 13:08:49 [INFO]    [astroclient] > synced 5 command(s)[0m
[32m2024-02-05 13:08:49 [INFO]    [astroclient] > Processing server 965523172667572244, thread 1204003163758403655[0m
[32m2024-02-05 13:08:50 [INFO]    [astroclient] > Processing server 1023692787985698826, thread 1203978562265153536[0m
[32m2024-02-05 13:09:49 [INFO]    [astroclient] > Processing server 965523172667572244, thread 1204003163758403655[0m
[32m2024-02-05 13:09:54 [INFO]    [astroclient] > Processing server 1023692787985698826, thread 1203978562265153536[0m
[32m2024-02-05 13:28:36 [INFO]    [astroclient] > AstroBot_test has connected to Discord![0m
[32m2024-02-05 13:28:36 [INFO]    [astroclient] > synced 5 command(s)[0m
[32m2024-02-05 13:28:36 [INFO]    [astroclient] > Processing server 965523172667572244, thread 1204003163758403655[0m
[32m2024-02-05 13:29:23 [INFO]    [astroclient] > AstroBot_test has connected to Discord![0m
[32m2024-02-05 13:29:23 [INFO]    [astroclient] > synced 5 command(s)[0m
[32m2024-02-05 13:29:23 [INFO]    [astroclient] > Processing server 965523172667572244, thread 1204003163758403655[0m
[32m2024-02-05 13:29:51 [INFO]    [astroclient] > AstroBot_test has connected to Discord![0m
[32m2024-02-05 13:30:23 [INFO]    [astroclient] > synced 5 command(s)[0m
[32m2024-02-05 13:30:23 [INFO]    [astroclient] > Processing server 965523172667572244, thread 1204003163758403655[0m
[32m2024-02-05 13:32:15 [INFO]    [astroclient] > AstroBot_test has connected to Discord![0m
[32m2024-02-05 13:32:16 [INFO]    [astroclient] > synced 5 command(s)[0m
[32m2024-02-05 13:44:49 [INFO]    [astroclient] > AstroBot_test has connected to Discord![0m
[32m2024-02-05 13:44:49 [INFO]    [astroclient] > synced 5 command(s)[0m
[32m2024-02-05 13:50:47 [INFO]    [astroclient] > AstroBot_test has connected to Discord![0m
[32m2024-02-05 13:50:48 [INFO]    [astroclient] > synced 5 command(s)[0m
[32m2024-02-05 13:56:24 [INFO]    [astroclient] > AstroBot_test has connected to Discord![0m
[32m2024-02-05 13:56:24 [INFO]    [astroclient] > synced 5 command(s)[0m
[32m2024-02-05 13:57:33 [INFO]    [astroclient] > AstroBot_test has connected to Discord![0m
[32m2024-02-05 13:57:34 [INFO]    [astroclient] > synced 5 command(s)[0m
[32m2024-02-05 14:08:55 [INFO]    [astroclient] > AstroBot_test has connected to Discord![0m
[32m2024-02-05 14:08:56 [INFO]    [astroclient] > synced 5 command(s)[0m
[32m2024-02-05 14:18:38 [INFO]    [astroclient] > AstroBot_test has connected to Discord![0m
[32m2024-02-05 14:18:39 [INFO]    [astroclient] > synced 5 command(s)[0m
[32m2024-02-05 14:23:29 [INFO]    [astroclient] > AstroBot_test has connected to Discord![0m
[32m2024-02-05 14:23:30 [INFO]    [astroclient] > synced 5 command(s)[0m
[33m2024-02-05 14:23:30 [WARNING] [astroclient] > HTTP Error 403 for https://www.sciencedaily.com/rss/space_time.xml[0m
[33m2024-02-05 14:23:30 [WARNING] [astroclient] > HTTP Error 403 for https://skyandtelescope.org/astronomy-news/feed/[0m
[33m2024-02-05 14:23:30 [WARNING] [astroclient] > HTTP Error 403 for https://skyandtelescope.org/astronomy-news/feed/[0m
[33m2024-02-05 14:23:30 [WARNING] [astroclient] > HTTP Error 403 for https://www.sciencedaily.com/rss/space_time.xml[0m
[32m2024-02-05 14:27:12 [INFO]    [astroclient] > AstroBot_test has connected to Discord![0m
[32m2024-02-05 14:27:12 [INFO]    [astroclient] > synced 5 command(s)[0m
[32m2024-02-05 14:28:36 [INFO]    [astroclient] > AstroBot_test has connected to Discord![0m
[32m2024-02-05 14:28:36 [INFO]    [astroclient] > synced 5 command(s)[0m
[32m2024-02-05 14:32:17 [INFO]    [astroclient] > AstroBot_test has connected to Discord![0m
[32m2024-02-05 14:32:17 [INFO]    [astroclient] > synced 5 command(s)[0m
[32m2024-02-05 14:39:44 [INFO]    [astroclient] > AstroBot_test has connected to Discord![0m
[32m2024-02-05 14:39:45 [INFO]    [astroclient] > synced 5 command(s)[0m
[32m2024-02-05 14:46:59 [INFO]    [astroclient] > AstroBot_test has connected to Discord![0m
[32m2024-02-05 14:47:00 [INFO]    [astroclient] > synced 5 command(s)[0m
[32m2024-02-05 14:48:28 [INFO]    [astroclient] > AstroBot_test has connected to Discord![0m
[32m2024-02-05 14:48:29 [INFO]    [astroclient] > synced 5 command(s)[0m
[32m2024-02-05 14:58:22 [INFO]    [astroclient] > AstroBot_test has connected to Discord![0m
[32m2024-02-05 14:58:23 [INFO]    [astroclient] > synced 5 command(s)[0m
[32m2024-02-05 15:05:16 [INFO]    [astroclient] > AstroBot_test has connected to Discord![0m
[32m2024-02-05 15:05:16 [INFO]    [astroclient] > synced 5 command(s)[0m
[32m2024-02-05 15:06:25 [INFO]    [astroclient] > AstroBot_test has connected to Discord![0m
[32m2024-02-05 15:06:26 [INFO]    [astroclient] > synced 5 command(s)[0m
[32m2024-02-05 15:07:06 [INFO]    [astroclient] > AstroBot_test has connected to Discord![0m
[32m2024-02-05 15:07:07 [INFO]    [astroclient] > synced 5 command(s)[0m
[32m2024-02-05 15:13:06 [INFO]    [astroclient] > AstroBot_test has connected to Discord![0m
[32m2024-02-05 15:13:07 [INFO]    [astroclient] > synced 5 command(s)[0m
[32m2024-02-05 15:19:50 [INFO]    [astroclient] > AstroBot_test has connected to Discord![0m
[32m2024-02-05 15:19:50 [INFO]    [astroclient] > synced 5 command(s)[0m
[32m2024-02-05 15:21:50 [INFO]    [astroclient] > AstroBot_test has connected to Discord![0m
[32m2024-02-05 15:21:50 [INFO]    [astroclient] > synced 5 command(s)[0m
[32m2024-02-05 15:23:25 [INFO]    [astroclient] > AstroBot_test has connected to Discord![0m
[32m2024-02-05 15:23:26 [INFO]    [astroclient] > synced 5 command(s)[0m
[32m2024-02-05 15:24:13 [INFO]    [astroclient] > AstroBot_test has connected to Discord![0m
[32m2024-02-05 15:24:13 [INFO]    [astroclient] > synced 5 command(s)[0m
[32m2024-02-05 15:25:18 [INFO]    [astroclient] > AstroBot_test has connected to Discord![0m
[32m2024-02-05 15:25:19 [INFO]    [astroclient] > synced 5 command(s)[0m
[32m2024-02-05 15:27:06 [INFO]    [astroclient] > AstroBot_test has connected to Discord![0m
[32m2024-02-05 15:27:07 [INFO]    [astroclient] > synced 5 command(s)[0m
[32m2024-02-05 15:28:39 [INFO]    [astroclient] > AstroBot_test has connected to Discord![0m
[32m2024-02-05 15:28:40 [INFO]    [astroclient] > synced 5 command(s)[0m
[32m2024-02-05 15:39:46 [INFO]    [astroclient] > AstroBot_test has connected to Discord![0m
[32m2024-02-05 15:39:46 [INFO]    [astroclient] > synced 5 command(s)[0m
[32m2024-02-05 15:40:34 [INFO]    [astroclient] > AstroBot_test has connected to Discord![0m
[32m2024-02-05 15:40:34 [INFO]    [astroclient] > synced 5 command(s)[0m
[32m2024-02-05 15:50:21 [INFO]    [astroclient] > AstroBot_test has connected to Discord![0m
[32m2024-02-05 15:50:21 [INFO]    [astroclient] > synced 5 command(s)[0m
[32m2024-02-05 15:51:04 [INFO]    [astroclient] > AstroBot_test has connected to Discord![0m
[32m2024-02-05 15:51:04 [INFO]    [astroclient] > synced 5 command(s)[0m
[32m2024-02-05 15:53:10 [INFO]    [astroclient] > AstroBot_test has connected to Discord![0m
[32m2024-02-05 15:53:10 [INFO]    [astroclient] > synced 5 command(s)[0m
[32m2024-02-05 15:54:02 [INFO]    [astroclient] > AstroBot_test has connected to Discord![0m
[32m2024-02-05 15:54:02 [INFO]    [astroclient] > synced 5 command(s)[0m
[32m2024-02-05 16:02:03 [INFO]    [astroclient] > AstroBot_test has connected to Discord![0m
[32m2024-02-05 16:02:04 [INFO]    [astroclient] > synced 5 command(s)[0m
[32m2024-02-05 16:02:45 [INFO]    [astroclient] > AstroBot_test has connected to Discord![0m
[32m2024-02-05 16:02:45 [INFO]    [astroclient] > synced 5 command(s)[0m
[32m2024-02-05 16:05:25 [INFO]    [astroclient] > AstroBot_test has connected to Discord![0m
[32m2024-02-05 16:05:26 [INFO]    [astroclient] > synced 5 command(s)[0m
[32m2024-02-05 16:06:35 [INFO]    [astroclient] > AstroBot_test has connected to Discord![0m
[32m2024-02-05 16:06:36 [INFO]    [astroclient] > synced 5 command(s)[0m
[32m2024-02-05 16:29:59 [INFO]    [astroclient] > AstroBot_test has connected to Discord![0m
[32m2024-02-05 16:29:59 [INFO]    [astroclient] > synced 5 command(s)[0m
[32m2024-02-05 16:31:30 [INFO]    [astroclient] > AstroBot_test has connected to Discord![0m
[32m2024-02-05 16:31:31 [INFO]    [astroclient] > synced 5 command(s)[0m
[32m2024-02-05 16:32:52 [INFO]    [astroclient] > AstroBot_test has connected to Discord![0m
[32m2024-02-05 16:32:53 [INFO]    [astroclient] > synced 5 command(s)[0m
[32m2024-02-05 16:44:11 [INFO]    [astroclient] > AstroBot_test has connected to Discord![0m
[32m2024-02-05 16:44:12 [INFO]    [astroclient] > synced 5 command(s)[0m
[32m2024-02-05 16:44:49 [INFO]    [astroclient] > AstroBot_test has connected to Discord![0m
[32m2024-02-05 16:44:49 [INFO]    [astroclient] > synced 5 command(s)[0m
[32m2024-02-05 17:12:34 [INFO]    [astroclient] > AstroBot_test has connected to Discord![0m
[32m2024-02-05 17:12:34 [INFO]    [astroclient] > synced 5 command(s)[0m
[32m2024-02-05 17:13:40 [INFO]    [astroclient] > AstroBot_test has connected to Discord![0m
[32m2024-02-05 17:13:40 [INFO]    [astroclient] > synced 5 command(s)[0m
[32m2024-02-05 17:15:21 [INFO]    [astroclient] > AstroBot_test has connected to Discord![0m
[32m2024-02-05 17:15:22 [INFO]    [astroclient] > synced 5 command(s)[0m
[32m2024-02-05 17:18:05 [INFO]    [astroclient] > AstroBot_test has connected to Discord![0m
[32m2024-02-05 17:18:05 [INFO]    [astroclient] > synced 5 command(s)[0m
[32m2024-02-05 17:18:57 [INFO]    [astroclient] > AstroBot_test has connected to Discord![0m
[32m2024-02-05 17:18:57 [INFO]    [astroclient] > synced 5 command(s)[0m
[32m2024-02-05 17:28:05 [INFO]    [astroclient] > AstroBot_test has connected to Discord![0m
[32m2024-02-05 17:28:05 [INFO]    [astroclient] > synced 5 command(s)[0m
[32m2024-02-05 17:31:13 [INFO]    [astroclient] > AstroBot_test has connected to Discord![0m
[32m2024-02-05 17:31:14 [INFO]    [astroclient] > synced 5 command(s)[0m
[32m2024-02-05 17:32:45 [INFO]    [astroclient] > AstroBot_test has connected to Discord![0m
[32m2024-02-05 17:32:45 [INFO]    [astroclient] > synced 5 command(s)[0m
[32m2024-02-05 17:40:58 [INFO]    [astroclient] > AstroBot_test has connected to Discord![0m
[32m2024-02-05 17:40:59 [INFO]    [astroclient] > synced 5 command(s)[0m
[32m2024-02-05 17:43:46 [INFO]    [astroclient] > AstroBot_test has connected to Discord![0m
[32m2024-02-05 17:43:47 [INFO]    [astroclient] > synced 5 command(s)[0m
[32m2024-02-05 17:45:54 [INFO]    [astroclient] > AstroBot_test has connected to Discord![0m
[32m2024-02-05 17:45:55 [INFO]    [astroclient] > synced 5 command(s)[0m
[32m2024-02-06 08:26:57 [INFO]    [astroclient] > AstroBot_test has connected to Discord![0m
[32m2024-02-06 08:26:58 [INFO]    [astroclient] > synced 5 command(s)[0m
[31m2024-02-06 08:26:58 [ERROR]   [astroclient] > Thread with ID 1204074963594907699 not found or not a thread.[0m
[32m2024-02-06 08:29:44 [INFO]    [astroclient] > AstroBot has connected to Discord![0m
[32m2024-02-06 08:29:44 [INFO]    [astroclient] > synced 5 command(s)[0m
[31m2024-02-06 08:29:44 [ERROR]   [astroclient] > Thread with ID 1204297432125673493 not found or not a thread.[0m
[32m2024-02-06 09:06:58 [INFO]    [astroclient] > AstroBot_test has connected to Discord![0m
[32m2024-02-06 09:06:58 [INFO]    [astroclient] > synced 5 command(s)[0m
[32m2024-02-06 09:08:50 [INFO]    [astroclient] > AstroBot_test has connected to Discord![0m
[32m2024-02-06 09:08:51 [INFO]    [astroclient] > synced 5 command(s)[0m
[32m2024-02-06 09:10:32 [INFO]    [astroclient] > AstroBot_test has connected to Discord![0m
[32m2024-02-06 09:10:33 [INFO]    [astroclient] > synced 5 command(s)[0m
[32m2024-02-06 09:12:58 [INFO]    [astroclient] > AstroBot_test has connected to Discord![0m
[32m2024-02-06 09:12:58 [INFO]    [astroclient] > synced 5 command(s)[0m
[32m2024-02-06 09:15:04 [INFO]    [astroclient] > AstroBot_test has connected to Discord![0m
[32m2024-02-06 09:15:04 [INFO]    [astroclient] > synced 5 command(s)[0m
[31m2024-02-06 09:15:34 [ERROR]   [astroclient] > Thread with ID 1204297934615740458 not found or not a thread.[0m
[32m2024-02-06 11:09:29 [INFO]    [astroclient] > AstroBot_test has connected to Discord![0m
[32m2024-02-06 11:09:29 [INFO]    [astroclient] > synced 5 command(s)[0m
[32m2024-02-06 11:11:10 [INFO]    [astroclient] > AstroBot_test has connected to Discord![0m
[32m2024-02-06 11:11:11 [INFO]    [astroclient] > synced 5 command(s)[0m
[32m2024-02-06 13:44:34 [INFO]    [astroclient] > AstroBot_test has connected to Discord![0m
[32m2024-02-06 13:44:35 [INFO]    [astroclient] > synced 5 command(s)[0m
[32m2024-02-06 13:52:18 [INFO]    [astroclient] > AstroBot_test has connected to Discord![0m
[32m2024-02-06 13:52:19 [INFO]    [astroclient] > synced 5 command(s)[0m
[32m2024-02-06 13:53:51 [INFO]    [astroclient] > AstroBot_test has connected to Discord![0m
[32m2024-02-06 13:53:51 [INFO]    [astroclient] > synced 5 command(s)[0m
[32m2024-02-06 14:02:46 [INFO]    [astroclient] > AstroBot_test has connected to Discord![0m
[32m2024-02-06 14:02:46 [INFO]    [astroclient] > synced 5 command(s)[0m
[32m2024-02-06 14:04:38 [INFO]    [astroclient] > AstroBot_test has connected to Discord![0m
[32m2024-02-06 14:04:38 [INFO]    [astroclient] > synced 5 command(s)[0m
[32m2024-02-06 15:44:05 [INFO]    [astroclient] > AstroBot_test has connected to Discord![0m
[32m2024-02-06 15:44:06 [INFO]    [astroclient] > synced 6 command(s)[0m
[32m2024-02-06 15:44:06 [INFO]    [astroclient] > Sent news at 2024-02-06 15:44:06.143893 on ThreadID: 1204074969965924484 | ThreadName: News on 05 February 2024 | ServerID: 1023692787985698826 | ServerName: AstroCom Ekip[0m
[32m2024-02-07 09:49:19 [INFO]    [astroclient] > AstroBot_test has connected to Discord![0m
[32m2024-02-07 09:49:20 [INFO]    [astroclient] > synced 6 command(s)[0m
[32m2024-02-07 09:49:20 [INFO]    [astroclient] > Sent news at 2024-02-07 09:49:20.131850 on ThreadID: 1204074969965924484 | ThreadName: News on 05 February 2024 | ServerID: 1023692787985698826 | ServerName: AstroCom Ekip[0m
[32m2024-02-07 09:50:19 [INFO]    [astroclient] > AstroBot_test has connected to Discord![0m
[32m2024-02-07 09:50:19 [INFO]    [astroclient] > synced 6 command(s)[0m
[32m2024-02-07 09:50:19 [INFO]    [astroclient] > Sent news at 2024-02-07 09:50:19.702661 on ThreadID: 1204074969965924484 | ThreadName: News on 05 February 2024 | ServerID: 1023692787985698826 | ServerName: AstroCom Ekip[0m
[32m2024-02-20 10:55:32 [INFO]    [astroclient] > AstroBot_test has connected to Discord![0m
[32m2024-02-20 10:55:33 [INFO]    [astroclient] > synced 7 command(s)[0m
[32m2024-02-20 10:55:33 [INFO]    [astroclient] > Sent news at 2024-02-20 10:55:33.214462 on ThreadID: 1204074969965924484 | ThreadName: News on 05 February 2024 | ServerID: 1023692787985698826 | ServerName: AstroCom Ekip[0m
[32m2024-02-20 10:59:16 [INFO]    [astroclient] > AstroBot_test has connected to Discord![0m
[32m2024-02-20 10:59:17 [INFO]    [astroclient] > synced 7 command(s)[0m
[32m2024-02-20 10:59:17 [INFO]    [astroclient] > Sent news at 2024-02-20 10:59:17.180427 on ThreadID: 1204074969965924484 | ThreadName: News on 05 February 2024 | ServerID: 1023692787985698826 | ServerName: AstroCom Ekip[0m
[32m2024-02-20 11:03:30 [INFO]    [astroclient] > AstroBot_test has connected to Discord![0m
[32m2024-02-20 11:03:31 [INFO]    [astroclient] > synced 7 command(s)[0m
[32m2024-02-20 11:03:31 [INFO]    [astroclient] > Sent news at 2024-02-20 11:03:31.030674 on ThreadID: 1204074969965924484 | ThreadName: News on 05 February 2024 | ServerID: 1023692787985698826 | ServerName: AstroCom Ekip[0m
[32m2024-02-20 11:04:41 [INFO]    [astroclient] > AstroBot_test has connected to Discord![0m
[32m2024-02-20 11:04:41 [INFO]    [astroclient] > synced 7 command(s)[0m
[32m2024-02-20 11:04:41 [INFO]    [astroclient] > Sent news at 2024-02-20 11:04:41.651722 on ThreadID: 1204074969965924484 | ThreadName: News on 05 February 2024 | ServerID: 1023692787985698826 | ServerName: AstroCom Ekip[0m
[32m2024-02-20 11:12:33 [INFO]    [astroclient] > AstroBot_test has connected to Discord![0m
[32m2024-02-20 11:12:33 [INFO]    [astroclient] > synced 7 command(s)[0m
[32m2024-02-20 11:12:33 [INFO]    [astroclient] > Sent news at 2024-02-20 11:12:33.826556 on ThreadID: 1204074969965924484 | ThreadName: News on 05 February 2024 | ServerID: 1023692787985698826 | ServerName: AstroCom Ekip[0m
[32m2024-02-20 12:04:15 [INFO]    [astroclient] > AstroBot_test has connected to Discord![0m
[32m2024-02-20 12:04:16 [INFO]    [astroclient] > synced 7 command(s)[0m
[31m2024-02-20 12:04:16 [ERROR]   [astroclient] > error syncing commands: Task is already launched and is not completed.[0m
[32m2024-02-20 12:24:03 [INFO]    [astroclient] > AstroBot_test has connected to Discord![0m
[32m2024-02-20 12:24:03 [INFO]    [astroclient] > synced 7 command(s)[0m
[32m2024-02-20 12:24:03 [INFO]    [astroclient] > Sent news at 2024-02-20 12:24:03.962905 on ThreadID: 1204074969965924484 | ThreadName: News on 05 February 2024 | ServerID: 1023692787985698826 | ServerName: AstroCom Ekip[0m
[32m2024-02-20 12:28:03 [INFO]    [astroclient] > AstroBot_test has connected to Discord![0m
[32m2024-02-20 12:28:04 [INFO]    [astroclient] > synced 7 command(s)[0m
[32m2024-02-20 12:28:04 [INFO]    [astroclient] > Sent news at 2024-02-20 12:28:04.205069 on ThreadID: 1204074969965924484 | ThreadName: News on 05 February 2024 | ServerID: 1023692787985698826 | ServerName: AstroCom Ekip[0m
[32m2024-02-20 12:37:00 [INFO]    [astroclient] > AstroBot_test has connected to Discord![0m
[32m2024-02-20 12:37:01 [INFO]    [astroclient] > synced 7 command(s)[0m
[32m2024-02-20 12:37:01 [INFO]    [astroclient] > Sent news at 2024-02-20 12:37:01.198573 on ThreadID: 1204074969965924484 | ThreadName: News on 05 February 2024 | ServerID: 1023692787985698826 | ServerName: AstroCom Ekip[0m
[32m2024-02-20 12:40:11 [INFO]    [astroclient] > AstroBot_test has connected to Discord![0m
[32m2024-02-20 12:40:11 [INFO]    [astroclient] > synced 7 command(s)[0m
[32m2024-02-20 12:40:11 [INFO]    [astroclient] > Sent news at 2024-02-20 12:40:11.982130 on ThreadID: 1204074969965924484 | ThreadName: News on 05 February 2024 | ServerID: 1023692787985698826 | ServerName: AstroCom Ekip[0m
[32m2024-02-20 13:00:23 [INFO]    [astroclient] > AstroBot_test has connected to Discord![0m
[32m2024-02-20 13:00:24 [INFO]    [astroclient] > synced 7 command(s)[0m
[32m2024-02-20 13:00:24 [INFO]    [astroclient] > Sent news at 2024-02-20 13:00:24.200992 on ThreadID: 1204074969965924484 | ThreadName: News on 05 February 2024 | ServerID: 1023692787985698826 | ServerName: AstroCom Ekip[0m
[32m2024-02-20 13:03:13 [INFO]    [astroclient] > AstroBot_test has connected to Discord![0m
[32m2024-02-20 13:03:13 [INFO]    [astroclient] > synced 7 command(s)[0m
[32m2024-02-20 13:03:13 [INFO]    [astroclient] > Sent news at 2024-02-20 13:03:13.809217 on ThreadID: 1204074969965924484 | ThreadName: News on 05 February 2024 | ServerID: 1023692787985698826 | ServerName: AstroCom Ekip[0m
[32m2024-02-20 13:13:24 [INFO]    [astroclient] > AstroBot_test has connected to Discord![0m
[32m2024-02-20 13:13:25 [INFO]    [astroclient] > synced 7 command(s)[0m
[32m2024-02-20 13:13:25 [INFO]    [astroclient] > Sent news at 2024-02-20 13:13:25.421522 on ThreadID: 1204074969965924484 | ThreadName: News on 05 February 2024 | ServerID: 1023692787985698826 | ServerName: AstroCom Ekip[0m
[32m2024-02-20 13:21:36 [INFO]    [astroclient] > AstroBot_test has connected to Discord![0m
[32m2024-02-20 13:21:36 [INFO]    [astroclient] > synced 7 command(s)[0m
[32m2024-02-20 13:21:36 [INFO]    [astroclient] > Sent news at 2024-02-20 13:21:36.465513 on ThreadID: 1204074969965924484 | ThreadName: News on 05 February 2024 | ServerID: 1023692787985698826 | ServerName: AstroCom Ekip[0m
[32m2024-02-20 13:23:47 [INFO]    [astroclient] > AstroBot_test has connected to Discord![0m
[32m2024-02-20 13:23:47 [INFO]    [astroclient] > synced 7 command(s)[0m
[32m2024-02-20 13:23:47 [INFO]    [astroclient] > Sent news at 2024-02-20 13:23:47.635048 on ThreadID: 1204074969965924484 | ThreadName: News on 05 February 2024 | ServerID: 1023692787985698826 | ServerName: AstroCom Ekip[0m
[32m2024-02-20 13:24:09 [INFO]    [astroclient] > Sent news at 2024-02-20 13:24:09.478717 on ThreadID: 1204074969965924484 | ThreadName: News on 05 February 2024 | ServerID: 1023692787985698826 | ServerName: AstroCom Ekip[0m
[32m2024-02-20 13:24:31 [INFO]    [astroclient] > Sent news at 2024-02-20 13:24:31.042463 on ThreadID: 1204074969965924484 | ThreadName: News on 05 February 2024 | ServerID: 1023692787985698826 | ServerName: AstroCom Ekip[0m
[32m2024-02-20 13:25:04 [INFO]    [astroclient] > AstroBot_test has connected to Discord![0m
[32m2024-02-20 13:25:05 [INFO]    [astroclient] > synced 7 command(s)[0m
[32m2024-02-20 13:25:05 [INFO]    [astroclient] > Sent news at 2024-02-20 13:25:05.367129 on ThreadID: 1204074969965924484 | ThreadName: News on 05 February 2024 | ServerID: 1023692787985698826 | ServerName: AstroCom Ekip[0m
[32m2024-02-20 13:27:25 [INFO]    [astroclient] > AstroBot_test has connected to Discord![0m
[32m2024-02-20 13:27:25 [INFO]    [astroclient] > synced 7 command(s)[0m
[32m2024-02-20 13:27:25 [INFO]    [astroclient] > Sent news at 2024-02-20 13:27:25.387203 on ThreadID: 1204074969965924484 | ThreadName: News on 05 February 2024 | ServerID: 1023692787985698826 | ServerName: AstroCom Ekip[0m
[32m2024-02-20 13:34:41 [INFO]    [astroclient] > AstroBot_test has connected to Discord![0m
[32m2024-02-20 13:34:42 [INFO]    [astroclient] > synced 7 command(s)[0m
[32m2024-02-20 13:34:42 [INFO]    [astroclient] > Sent news at 2024-02-20 13:34:42.295332 on ThreadID: 1204074969965924484 | ThreadName: News on 05 February 2024 | ServerID: 1023692787985698826 | ServerName: AstroCom Ekip[0m
[32m2024-02-20 13:35:44 [INFO]    [astroclient] > AstroBot_test has connected to Discord![0m
[32m2024-02-20 13:35:44 [INFO]    [astroclient] > synced 7 command(s)[0m
[32m2024-02-20 13:35:44 [INFO]    [astroclient] > Sent news at 2024-02-20 13:35:44.788981 on ThreadID: 1204074969965924484 | ThreadName: News on 05 February 2024 | ServerID: 1023692787985698826 | ServerName: AstroCom Ekip[0m
[32m2024-02-20 13:39:25 [INFO]    [astroclient] > AstroBot_test has connected to Discord![0m
[32m2024-02-20 13:39:26 [INFO]    [astroclient] > synced 7 command(s)[0m
[32m2024-02-20 13:39:26 [INFO]    [astroclient] > Sent news at 2024-02-20 13:39:26.178096 on ThreadID: 1204074969965924484 | ThreadName: News on 05 February 2024 | ServerID: 1023692787985698826 | ServerName: AstroCom Ekip[0m
[32m2024-02-20 14:17:58 [INFO]    [astroclient] > AstroBot_test has connected to Discord![0m
[32m2024-02-20 14:17:59 [INFO]    [astroclient] > synced 7 command(s)[0m
[32m2024-02-20 14:17:59 [INFO]    [astroclient] > Sent news at 2024-02-20 14:17:59.316470 on ThreadID: 1204074969965924484 | ThreadName: News on 05 February 2024 | ServerID: 1023692787985698826 | ServerName: AstroCom Ekip[0m
[32m2024-02-20 14:21:11 [INFO]    [astroclient] > AstroBot_test has connected to Discord![0m
[32m2024-02-20 14:21:11 [INFO]    [astroclient] > synced 7 command(s)[0m
[32m2024-02-20 14:21:11 [INFO]    [astroclient] > Sent news at 2024-02-20 14:21:11.862533 on ThreadID: 1204074969965924484 | ThreadName: News on 05 February 2024 | ServerID: 1023692787985698826 | ServerName: AstroCom Ekip[0m
[32m2024-02-20 14:33:47 [INFO]    [astroclient] > AstroBot_test has connected to Discord![0m
[32m2024-02-20 14:33:47 [INFO]    [astroclient] > synced 7 command(s)[0m
[32m2024-02-20 14:33:47 [INFO]    [astroclient] > Sent news at 2024-02-20 14:33:47.610359 on ThreadID: 1204074969965924484 | ThreadName: News on 05 February 2024 | ServerID: 1023692787985698826 | ServerName: AstroCom Ekip[0m
[32m2024-02-20 14:34:32 [INFO]    [astroclient] > AstroBot_test has connected to Discord![0m
[32m2024-02-20 14:34:32 [INFO]    [astroclient] > synced 7 command(s)[0m
[32m2024-02-20 14:34:32 [INFO]    [astroclient] > Sent news at 2024-02-20 14:34:32.431104 on ThreadID: 1204074969965924484 | ThreadName: News on 05 February 2024 | ServerID: 1023692787985698826 | ServerName: AstroCom Ekip[0m
[32m2024-02-20 14:34:54 [INFO]    [astroclient] > Sent news at 2024-02-20 14:34:54.934285 on ThreadID: 1204074969965924484 | ThreadName: News on 05 February 2024 | ServerID: 1023692787985698826 | ServerName: AstroCom Ekip[0m
[32m2024-02-20 14:36:10 [INFO]    [astroclient] > AstroBot_test has connected to Discord![0m
[32m2024-02-20 14:36:11 [INFO]    [astroclient] > synced 7 command(s)[0m
[32m2024-02-20 14:36:11 [INFO]    [astroclient] > Sent news at 2024-02-20 14:36:11.125741 on ThreadID: 1204074969965924484 | ThreadName: News on 05 February 2024 | ServerID: 1023692787985698826 | ServerName: AstroCom Ekip[0m
[32m2024-02-20 14:46:58 [INFO]    [astroclient] > AstroBot_test has connected to Discord![0m
[32m2024-02-20 14:46:59 [INFO]    [astroclient] > synced 7 command(s)[0m
[32m2024-02-20 14:46:59 [INFO]    [astroclient] > Sent news at 2024-02-20 14:46:59.093980 on ThreadID: 1204074969965924484 | ThreadName: News on 05 February 2024 | ServerID: 1023692787985698826 | ServerName: AstroCom Ekip[0m
[32m2024-02-20 14:55:23 [INFO]    [astroclient] > AstroBot_test has connected to Discord![0m
[32m2024-02-20 14:55:23 [INFO]    [astroclient] > synced 7 command(s)[0m
[32m2024-02-20 14:55:23 [INFO]    [astroclient] > Sent news at 2024-02-20 14:55:23.944524 on ThreadID: 1204074969965924484 | ThreadName: News on 05 February 2024 | ServerID: 1023692787985698826 | ServerName: AstroCom Ekip[0m
[32m2024-02-20 15:12:55 [INFO]    [astroclient] > AstroBot_test has connected to Discord![0m
[32m2024-02-20 15:12:55 [INFO]    [astroclient] > synced 7 command(s)[0m
[32m2024-02-20 15:12:55 [INFO]    [astroclient] > Sent news at 2024-02-20 15:12:55.939791 on ThreadID: 1204074969965924484 | ThreadName: News on 05 February 2024 | ServerID: 1023692787985698826 | ServerName: AstroCom Ekip[0m
[32m2024-02-20 15:13:17 [INFO]    [astroclient] > Sent news at 2024-02-20 15:13:17.667574 on ThreadID: 1204074969965924484 | ThreadName: News on 05 February 2024 | ServerID: 1023692787985698826 | ServerName: AstroCom Ekip[0m
[32m2024-02-20 15:14:28 [INFO]    [astroclient] > AstroBot_test has connected to Discord![0m
[32m2024-02-20 15:14:29 [INFO]    [astroclient] > synced 7 command(s)[0m
[32m2024-02-20 15:14:29 [INFO]    [astroclient] > Sent news at 2024-02-20 15:14:29.146985 on ThreadID: 1204074969965924484 | ThreadName: News on 05 February 2024 | ServerID: 1023692787985698826 | ServerName: AstroCom Ekip[0m
[32m2024-02-20 15:15:30 [INFO]    [astroclient] > AstroBot_test has connected to Discord![0m
[32m2024-02-20 15:15:30 [INFO]    [astroclient] > synced 7 command(s)[0m
[32m2024-02-20 15:15:30 [INFO]    [astroclient] > Sent news at 2024-02-20 15:15:30.862493 on ThreadID: 1204074969965924484 | ThreadName: News on 05 February 2024 | ServerID: 1023692787985698826 | ServerName: AstroCom Ekip[0m
[32m2024-02-20 15:16:34 [INFO]    [astroclient] > AstroBot_test has connected to Discord![0m
[32m2024-02-20 15:16:34 [INFO]    [astroclient] > synced 7 command(s)[0m
[32m2024-02-20 15:16:34 [INFO]    [astroclient] > Sent news at 2024-02-20 15:16:34.739803 on ThreadID: 1204074969965924484 | ThreadName: News on 05 February 2024 | ServerID: 1023692787985698826 | ServerName: AstroCom Ekip[0m
[32m2024-02-20 15:20:33 [INFO]    [astroclient] > AstroBot_test has connected to Discord![0m
[32m2024-02-20 15:20:33 [INFO]    [astroclient] > synced 7 command(s)[0m
[32m2024-02-20 15:20:33 [INFO]    [astroclient] > Sent news at 2024-02-20 15:20:33.994598 on ThreadID: 1204074969965924484 | ThreadName: News on 05 February 2024 | ServerID: 1023692787985698826 | ServerName: AstroCom Ekip[0m
[32m2024-02-20 16:41:03 [INFO]    [astroclient] > AstroBot_test has connected to Discord![0m
[32m2024-02-20 16:41:03 [INFO]    [astroclient] > synced 7 command(s)[0m
[32m2024-02-20 16:41:03 [INFO]    [astroclient] > Sent news at 2024-02-20 16:41:03.868662 on ThreadID: 1204074969965924484 | ThreadName: News on 05 February 2024 | ServerID: 1023692787985698826 | ServerName: AstroCom Ekip[0m
[32m2024-02-20 16:46:21 [INFO]    [astroclient] > AstroBot_test has connected to Discord![0m
[32m2024-02-20 16:46:21 [INFO]    [astroclient] > synced 7 command(s)[0m
[32m2024-02-20 16:46:21 [INFO]    [astroclient] > Sent news at 2024-02-20 16:46:21.779108 on ThreadID: 1204074969965924484 | ThreadName: News on 05 February 2024 | ServerID: 1023692787985698826 | ServerName: AstroCom Ekip[0m
[32m2024-02-20 17:05:39 [INFO]    [astroclient] > AstroBot_test has connected to Discord![0m
[32m2024-02-20 17:05:40 [INFO]    [astroclient] > synced 7 command(s)[0m
[32m2024-02-20 17:05:40 [INFO]    [astroclient] > Sent news at 2024-02-20 17:05:40.248435 on ThreadID: 1204074969965924484 | ThreadName: News on 05 February 2024 | ServerID: 1023692787985698826 | ServerName: AstroCom Ekip[0m
[32m2024-02-20 17:07:40 [INFO]    [astroclient] > AstroBot_test has connected to Discord![0m
[32m2024-02-20 17:07:41 [INFO]    [astroclient] > synced 7 command(s)[0m
[32m2024-02-20 17:07:41 [INFO]    [astroclient] > Sent news at 2024-02-20 17:07:41.020529 on ThreadID: 1204074969965924484 | ThreadName: News on 05 February 2024 | ServerID: 1023692787985698826 | ServerName: AstroCom Ekip[0m
[32m2024-02-20 17:08:53 [INFO]    [astroclient] > AstroBot_test has connected to Discord![0m
[32m2024-02-20 17:08:53 [INFO]    [astroclient] > synced 7 command(s)[0m
[32m2024-02-20 17:08:53 [INFO]    [astroclient] > Sent news at 2024-02-20 17:08:53.612378 on ThreadID: 1204074969965924484 | ThreadName: News on 05 February 2024 | ServerID: 1023692787985698826 | ServerName: AstroCom Ekip[0m
[32m2024-02-20 17:11:29 [INFO]    [astroclient] > AstroBot_test has connected to Discord![0m
[32m2024-02-20 17:11:29 [INFO]    [astroclient] > synced 7 command(s)[0m
[32m2024-02-20 17:11:29 [INFO]    [astroclient] > Sent news at 2024-02-20 17:11:29.366579 on ThreadID: 1204074969965924484 | ThreadName: News on 05 February 2024 | ServerID: 1023692787985698826 | ServerName: AstroCom Ekip[0m
[32m2024-02-20 17:13:04 [INFO]    [astroclient] > AstroBot_test has connected to Discord![0m
[32m2024-02-20 17:13:05 [INFO]    [astroclient] > synced 7 command(s)[0m
[32m2024-02-20 17:13:05 [INFO]    [astroclient] > Sent news at 2024-02-20 17:13:05.064107 on ThreadID: 1204074969965924484 | ThreadName: News on 05 February 2024 | ServerID: 1023692787985698826 | ServerName: AstroCom Ekip[0m
[32m2024-02-20 17:17:15 [INFO]    [astroclient] > AstroBot_test has connected to Discord![0m
[32m2024-02-20 17:17:16 [INFO]    [astroclient] > synced 7 command(s)[0m
[32m2024-02-20 17:17:16 [INFO]    [astroclient] > Sent news at 2024-02-20 17:17:16.344037 on ThreadID: 1204074969965924484 | ThreadName: News on 05 February 2024 | ServerID: 1023692787985698826 | ServerName: AstroCom Ekip[0m
[32m2024-02-20 17:28:20 [INFO]    [astroclient] > AstroBot_test has connected to Discord![0m
[32m2024-02-20 17:28:20 [INFO]    [astroclient] > synced 7 command(s)[0m
[32m2024-02-20 17:28:20 [INFO]    [astroclient] > Sent news at 2024-02-20 17:28:20.680561 on ThreadID: 1204074969965924484 | ThreadName: News on 05 February 2024 | ServerID: 1023692787985698826 | ServerName: AstroCom Ekip[0m
[32m2024-02-20 17:28:44 [INFO]    [astroclient] > Sent news at 2024-02-20 17:28:44.103496 on ThreadID: 1204074969965924484 | ThreadName: News on 05 February 2024 | ServerID: 1023692787985698826 | ServerName: AstroCom Ekip[0m
[32m2024-02-20 17:29:08 [INFO]    [astroclient] > Sent news at 2024-02-20 17:29:08.304314 on ThreadID: 1204074969965924484 | ThreadName: News on 05 February 2024 | ServerID: 1023692787985698826 | ServerName: AstroCom Ekip[0m
[32m2024-02-21 08:50:15 [INFO]    [astroclient] > AstroBot_test has connected to Discord![0m
[32m2024-02-21 08:50:15 [INFO]    [astroclient] > synced 7 command(s)[0m
[32m2024-02-21 08:50:15 [INFO]    [astroclient] > Sent news at 2024-02-21 08:50:15.666799 on ThreadID: 1204074969965924484 | ThreadName: News on 05 February 2024 | ServerID: 1023692787985698826 | ServerName: AstroCom Ekip[0m
[32m2024-02-21 09:08:27 [INFO]    [astroclient] > AstroBot_test has connected to Discord![0m
[32m2024-02-21 09:08:27 [INFO]    [astroclient] > synced 7 command(s)[0m
[32m2024-02-21 09:08:27 [INFO]    [astroclient] > Sent news at 2024-02-21 09:08:27.863818 on ThreadID: 1204074969965924484 | ThreadName: News on 05 February 2024 | ServerID: 1023692787985698826 | ServerName: AstroCom Ekip[0m
[32m2024-02-21 09:08:50 [INFO]    [astroclient] > Sent news at 2024-02-21 09:08:50.766423 on ThreadID: 1204074969965924484 | ThreadName: News on 05 February 2024 | ServerID: 1023692787985698826 | ServerName: AstroCom Ekip[0m
[32m2024-02-21 09:51:01 [INFO]    [astroclient] > Created thread 1209754133079261245 on 1023692787985698826 for 1204072462812188683[0m
[32m2024-02-21 09:52:03 [INFO]    [astroclient] > AstroBot_test has connected to Discord![0m
[32m2024-02-21 09:52:03 [INFO]    [astroclient] > synced 7 command(s)[0m
[32m2024-02-21 09:52:03 [INFO]    [astroclient] > Sent news at 2024-02-21 09:52:03.993740 on ThreadID: 1209754133079261245 | ThreadName: News on 21 February 2024 | ServerID: 1023692787985698826 | ServerName: AstroCom Ekip[0m
[32m2024-02-21 09:54:57 [INFO]    [astroclient] > AstroBot_test has connected to Discord![0m
[32m2024-02-21 09:54:58 [INFO]    [astroclient] > synced 7 command(s)[0m
[32m2024-02-21 09:54:58 [INFO]    [astroclient] > Sent news at 2024-02-21 09:54:58.350639 on ThreadID: 1209754133079261245 | ThreadName: News on 21 February 2024 | ServerID: 1023692787985698826 | ServerName: AstroCom Ekip[0m
[32m2024-02-21 09:58:36 [INFO]    [astroclient] > AstroBot_test has connected to Discord![0m
[32m2024-02-21 09:58:36 [INFO]    [astroclient] > synced 7 command(s)[0m
[32m2024-02-21 09:58:36 [INFO]    [astroclient] > Sent news at 2024-02-21 09:58:36.686563 on ThreadID: 1209754133079261245 | ThreadName: News on 21 February 2024 | ServerID: 1023692787985698826 | ServerName: AstroCom Ekip[0m
[32m2024-02-21 09:59:52 [INFO]    [astroclient] > AstroBot_test has connected to Discord![0m
[32m2024-02-21 09:59:52 [INFO]    [astroclient] > synced 7 command(s)[0m
[32m2024-02-21 09:59:52 [INFO]    [astroclient] > Sent news at 2024-02-21 09:59:52.920957 on ThreadID: 1209754133079261245 | ThreadName: News on 21 February 2024 | ServerID: 1023692787985698826 | ServerName: AstroCom Ekip[0m
[32m2024-02-21 10:00:09 [INFO]    [astroclient] > AstroBot_test has connected to Discord![0m
[32m2024-02-21 10:00:52 [INFO]    [astroclient] > synced 7 command(s)[0m
[32m2024-02-21 10:00:52 [INFO]    [astroclient] > Sent news at 2024-02-21 10:00:52.929825 on ThreadID: 1209754133079261245 | ThreadName: News on 21 February 2024 | ServerID: 1023692787985698826 | ServerName: AstroCom Ekip[0m
[32m2024-02-21 10:05:11 [INFO]    [astroclient] > AstroBot_test has connected to Discord![0m
[32m2024-02-21 10:05:12 [INFO]    [astroclient] > synced 7 command(s)[0m
[32m2024-02-21 10:05:12 [INFO]    [astroclient] > Sent news at 2024-02-21 10:05:12.034567 on ThreadID: 1209754133079261245 | ThreadName: News on 21 February 2024 | ServerID: 1023692787985698826 | ServerName: AstroCom Ekip[0m
[32m2024-02-21 10:10:01 [INFO]    [astroclient] > AstroBot_test has connected to Discord![0m
[32m2024-02-21 10:10:01 [INFO]    [astroclient] > synced 7 command(s)[0m
[32m2024-02-21 10:10:01 [INFO]    [astroclient] > Sent news at 2024-02-21 10:10:01.429667 on ThreadID: 1209754133079261245 | ThreadName: News on 21 February 2024 | ServerID: 1023692787985698826 | ServerName: AstroCom Ekip[0m
[32m2024-02-21 10:12:45 [INFO]    [astroclient] > AstroBot_test has connected to Discord![0m
[32m2024-02-21 10:12:45 [INFO]    [astroclient] > synced 7 command(s)[0m
[32m2024-02-21 10:12:45 [INFO]    [astroclient] > Sent news at 2024-02-21 10:12:45.682009 on ThreadID: 1209754133079261245 | ThreadName: News on 21 February 2024 | ServerID: 1023692787985698826 | ServerName: AstroCom Ekip[0m
[32m2024-02-21 10:43:54 [INFO]    [astroclient] > AstroBot_test has connected to Discord![0m
[32m2024-02-21 10:43:54 [INFO]    [astroclient] > synced 7 command(s)[0m
[32m2024-02-21 10:43:54 [INFO]    [astroclient] > Sent news at 2024-02-21 10:43:54.842488 on ThreadID: 1209754133079261245 | ThreadName: News on 21 February 2024 | ServerID: 1023692787985698826 | ServerName: AstroCom Ekip[0m
[32m2024-02-21 10:47:58 [INFO]    [astroclient] > AstroBot_test has connected to Discord![0m
[32m2024-02-21 10:47:58 [INFO]    [astroclient] > synced 7 command(s)[0m
[32m2024-02-21 10:47:58 [INFO]    [astroclient] > Sent news at 2024-02-21 10:47:58.638927 on ThreadID: 1209754133079261245 | ThreadName: News on 21 February 2024 | ServerID: 1023692787985698826 | ServerName: AstroCom Ekip[0m
[32m2024-02-21 10:48:20 [INFO]    [astroclient] > Sent news at 2024-02-21 10:48:20.480519 on ThreadID: 1209754133079261245 | ThreadName: News on 21 February 2024 | ServerID: 1023692787985698826 | ServerName: AstroCom Ekip[0m
[32m2024-02-21 10:48:42 [INFO]    [astroclient] > Sent news at 2024-02-21 10:48:42.470968 on ThreadID: 1209754133079261245 | ThreadName: News on 21 February 2024 | ServerID: 1023692787985698826 | ServerName: AstroCom Ekip[0m
[32m2024-02-21 11:01:24 [INFO]    [astroclient] > AstroBot_test has connected to Discord![0m
[32m2024-02-21 11:01:24 [INFO]    [astroclient] > synced 7 command(s)[0m
[32m2024-02-21 11:01:24 [INFO]    [astroclient] > Sent news at 2024-02-21 11:01:24.583207 on ThreadID: 1209754133079261245 | ThreadName: News on 21 February 2024 | ServerID: 1023692787985698826 | ServerName: AstroCom Ekip[0m
[32m2024-02-21 11:03:32 [INFO]    [astroclient] > AstroBot_test has connected to Discord![0m
[32m2024-02-21 11:03:33 [INFO]    [astroclient] > synced 7 command(s)[0m
[32m2024-02-21 11:03:33 [INFO]    [astroclient] > Sent news at 2024-02-21 11:03:33.233052 on ThreadID: 1209754133079261245 | ThreadName: News on 21 February 2024 | ServerID: 1023692787985698826 | ServerName: AstroCom Ekip[0m
[32m2024-02-21 11:15:24 [INFO]    [astroclient] > AstroBot_test has connected to Discord![0m
[32m2024-02-21 11:15:24 [INFO]    [astroclient] > synced 7 command(s)[0m
[32m2024-02-21 11:15:24 [INFO]    [astroclient] > Sent news at 2024-02-21 11:15:24.460631 on ThreadID: 1209754133079261245 | ThreadName: News on 21 February 2024 | ServerID: 1023692787985698826 | ServerName: AstroCom Ekip[0m
[32m2024-02-21 11:17:35 [INFO]    [astroclient] > AstroBot_test has connected to Discord![0m
[32m2024-02-21 11:17:35 [INFO]    [astroclient] > synced 7 command(s)[0m
[32m2024-02-21 11:17:35 [INFO]    [astroclient] > Sent news at 2024-02-21 11:17:35.881269 on ThreadID: 1209754133079261245 | ThreadName: News on 21 February 2024 | ServerID: 1023692787985698826 | ServerName: AstroCom Ekip[0m
[32m2024-02-21 11:20:44 [INFO]    [astroclient] > AstroBot_test has connected to Discord![0m
[32m2024-02-21 11:20:54 [INFO]    [astroclient] > synced 7 command(s)[0m
[32m2024-02-21 11:20:54 [INFO]    [astroclient] > Sent news at 2024-02-21 11:20:54.141075 on ThreadID: 1209754133079261245 | ThreadName: News on 21 February 2024 | ServerID: 1023692787985698826 | ServerName: AstroCom Ekip[0m
[32m2024-02-21 12:01:28 [INFO]    [astroclient] > AstroBot_test has connected to Discord![0m
[32m2024-02-21 12:01:28 [INFO]    [astroclient] > synced 7 command(s)[0m
[31m2024-02-21 12:01:28 [ERROR]   [astroclient] > error syncing commands: Task is already launched and is not completed.[0m
[32m2024-02-21 12:30:29 [INFO]    [astroclient] > AstroBot_test has connected to Discord![0m
[32m2024-02-21 12:30:29 [INFO]    [astroclient] > synced 7 command(s)[0m
[32m2024-02-21 12:30:29 [INFO]    [astroclient] > Sent news at 2024-02-21 12:30:29.725770 on ThreadID: 1209754133079261245 | ThreadName: News on 21 February 2024 | ServerID: 1023692787985698826 | ServerName: AstroCom Ekip[0m
[32m2024-02-21 12:32:52 [INFO]    [astroclient] > AstroBot_test has connected to Discord![0m
[32m2024-02-21 12:32:52 [INFO]    [astroclient] > synced 7 command(s)[0m
[32m2024-02-21 12:32:52 [INFO]    [astroclient] > Sent news at 2024-02-21 12:32:52.661357 on ThreadID: 1209754133079261245 | ThreadName: News on 21 February 2024 | ServerID: 1023692787985698826 | ServerName: AstroCom Ekip[0m
[32m2024-02-21 13:04:13 [INFO]    [astroclient] > AstroBot_test has connected to Discord![0m
[32m2024-02-21 13:04:14 [INFO]    [astroclient] > synced 7 command(s)[0m
[32m2024-02-21 13:04:14 [INFO]    [astroclient] > Sent news at 2024-02-21 13:04:14.317478 on ThreadID: 1209754133079261245 | ThreadName: News on 21 February 2024 | ServerID: 1023692787985698826 | ServerName: AstroCom Ekip[0m
[32m2024-02-21 13:28:27 [INFO]    [astroclient] > AstroBot_test has connected to Discord![0m
[32m2024-02-21 13:28:28 [INFO]    [astroclient] > synced 7 command(s)[0m
[32m2024-02-21 13:28:28 [INFO]    [astroclient] > Sent news at 2024-02-21 13:28:28.355909 on ThreadID: 1209754133079261245 | ThreadName: News on 21 February 2024 | ServerID: 1023692787985698826 | ServerName: AstroCom Ekip[0m
[32m2024-02-21 13:38:45 [INFO]    [astroclient] > AstroBot_test has connected to Discord![0m
[32m2024-02-21 13:38:45 [INFO]    [astroclient] > synced 7 command(s)[0m
[32m2024-02-21 13:38:45 [INFO]    [astroclient] > Sent news at 2024-02-21 13:38:45.464779 on ThreadID: 1209754133079261245 | ThreadName: News on 21 February 2024 | ServerID: 1023692787985698826 | ServerName: AstroCom Ekip[0m
[32m2024-02-21 13:59:38 [INFO]    [astroclient] > AstroBot_test has connected to Discord![0m
[32m2024-02-21 13:59:39 [INFO]    [astroclient] > synced 7 command(s)[0m
[32m2024-02-21 13:59:39 [INFO]    [astroclient] > Sent news at 2024-02-21 13:59:39.078684 on ThreadID: 1209754133079261245 | ThreadName: News on 21 February 2024 | ServerID: 1023692787985698826 | ServerName: AstroCom Ekip[0m
[32m2024-02-21 14:04:28 [INFO]    [astroclient] > AstroBot_test has connected to Discord![0m
[32m2024-02-21 14:04:28 [INFO]    [astroclient] > synced 7 command(s)[0m
[32m2024-02-21 14:04:28 [INFO]    [astroclient] > Sent news at 2024-02-21 14:04:28.631375 on ThreadID: 1209754133079261245 | ThreadName: News on 21 February 2024 | ServerID: 1023692787985698826 | ServerName: AstroCom Ekip[0m
[32m2024-02-21 14:08:53 [INFO]    [astroclient] > AstroBot_test has connected to Discord![0m
[32m2024-02-21 14:08:53 [INFO]    [astroclient] > synced 7 command(s)[0m
[32m2024-02-21 14:08:53 [INFO]    [astroclient] > Sent news at 2024-02-21 14:08:53.436839 on ThreadID: 1209754133079261245 | ThreadName: News on 21 February 2024 | ServerID: 1023692787985698826 | ServerName: AstroCom Ekip[0m
[32m2024-02-21 14:14:27 [INFO]    [astroclient] > AstroBot_test has connected to Discord![0m
[32m2024-02-21 14:14:28 [INFO]    [astroclient] > synced 7 command(s)[0m
[32m2024-02-21 14:14:28 [INFO]    [astroclient] > Sent news at 2024-02-21 14:14:28.016049 on ThreadID: 1209754133079261245 | ThreadName: News on 21 February 2024 | ServerID: 1023692787985698826 | ServerName: AstroCom Ekip[0m
[32m2024-02-21 14:29:20 [INFO]    [astroclient] > AstroBot_test has connected to Discord![0m
[32m2024-02-21 14:29:21 [INFO]    [astroclient] > synced 7 command(s)[0m
[32m2024-02-21 14:29:21 [INFO]    [astroclient] > Sent news at 2024-02-21 14:29:21.156634 on ThreadID: 1209754133079261245 | ThreadName: News on 21 February 2024 | ServerID: 1023692787985698826 | ServerName: AstroCom Ekip[0m
[32m2024-02-21 14:32:55 [INFO]    [astroclient] > AstroBot_test has connected to Discord![0m
[32m2024-02-21 14:32:56 [INFO]    [astroclient] > synced 7 command(s)[0m
[32m2024-02-21 14:32:56 [INFO]    [astroclient] > Sent news at 2024-02-21 14:32:56.296384 on ThreadID: 1209754133079261245 | ThreadName: News on 21 February 2024 | ServerID: 1023692787985698826 | ServerName: AstroCom Ekip[0m
[32m2024-02-21 14:48:22 [INFO]    [astroclient] > AstroBot_test has connected to Discord![0m
[32m2024-02-21 14:48:22 [INFO]    [astroclient] > synced 7 command(s)[0m
[32m2024-02-21 14:48:22 [INFO]    [astroclient] > Sent news at 2024-02-21 14:48:22.547131 on ThreadID: 1209754133079261245 | ThreadName: News on 21 February 2024 | ServerID: 1023692787985698826 | ServerName: AstroCom Ekip[0m
[32m2024-02-21 15:05:01 [INFO]    [astroclient] > AstroBot_test has connected to Discord![0m
[32m2024-02-21 15:05:01 [INFO]    [astroclient] > synced 7 command(s)[0m
[32m2024-02-21 15:05:01 [INFO]    [astroclient] > Sent news at 2024-02-21 15:05:01.485755 on ThreadID: 1209754133079261245 | ThreadName: News on 21 February 2024 | ServerID: 1023692787985698826 | ServerName: AstroCom Ekip[0m
[32m2024-02-21 15:07:03 [INFO]    [astroclient] > AstroBot_test has connected to Discord![0m
[32m2024-02-21 15:07:04 [INFO]    [astroclient] > synced 7 command(s)[0m
[32m2024-02-21 15:07:04 [INFO]    [astroclient] > Sent news at 2024-02-21 15:07:04.339734 on ThreadID: 1209754133079261245 | ThreadName: News on 21 February 2024 | ServerID: 1023692787985698826 | ServerName: AstroCom Ekip[0m
[32m2024-02-21 15:13:40 [INFO]    [astroclient] > AstroBot_test has connected to Discord![0m
[32m2024-02-21 15:13:40 [INFO]    [astroclient] > synced 7 command(s)[0m
[32m2024-02-21 15:13:40 [INFO]    [astroclient] > Sent news at 2024-02-21 15:13:40.711732 on ThreadID: 1209754133079261245 | ThreadName: News on 21 February 2024 | ServerID: 1023692787985698826 | ServerName: AstroCom Ekip[0m
[32m2024-02-21 15:19:09 [INFO]    [astroclient] > AstroBot_test has connected to Discord![0m
[32m2024-02-21 15:19:09 [INFO]    [astroclient] > synced 7 command(s)[0m
[32m2024-02-21 15:19:09 [INFO]    [astroclient] > Sent news at 2024-02-21 15:19:09.683271 on ThreadID: 1209754133079261245 | ThreadName: News on 21 February 2024 | ServerID: 1023692787985698826 | ServerName: AstroCom Ekip[0m
[32m2024-02-21 15:22:37 [INFO]    [astroclient] > AstroBot_test has connected to Discord![0m
[32m2024-02-21 15:22:37 [INFO]    [astroclient] > synced 7 command(s)[0m
[31m2024-02-21 15:22:37 [ERROR]   [astroclient] > error syncing commands: Task is already launched and is not completed.[0m
[32m2024-02-21 15:36:22 [INFO]    [astroclient] > AstroBot_test has connected to Discord![0m
[32m2024-02-21 15:36:22 [INFO]    [astroclient] > synced 7 command(s)[0m
[32m2024-02-21 15:36:22 [INFO]    [astroclient] > Sent news at 2024-02-21 15:36:22.867840 on ThreadID: 1209754133079261245 | ThreadName: News on 21 February 2024 | ServerID: 1023692787985698826 | ServerName: AstroCom Ekip[0m
[32m2024-02-21 15:38:01 [INFO]    [astroclient] > AstroBot_test has connected to Discord![0m
[32m2024-02-21 15:38:02 [INFO]    [astroclient] > synced 7 command(s)[0m
[32m2024-02-21 15:38:02 [INFO]    [astroclient] > Sent news at 2024-02-21 15:38:02.369671 on ThreadID: 1209754133079261245 | ThreadName: News on 21 February 2024 | ServerID: 1023692787985698826 | ServerName: AstroCom Ekip[0m
[32m2024-02-21 15:39:37 [INFO]    [astroclient] > AstroBot_test has connected to Discord![0m
[32m2024-02-21 15:39:38 [INFO]    [astroclient] > synced 7 command(s)[0m
[32m2024-02-21 15:39:38 [INFO]    [astroclient] > Sent news at 2024-02-21 15:39:38.139719 on ThreadID: 1209754133079261245 | ThreadName: News on 21 February 2024 | ServerID: 1023692787985698826 | ServerName: AstroCom Ekip[0m
[32m2024-02-21 15:45:04 [INFO]    [astroclient] > AstroBot_test has connected to Discord![0m
[32m2024-02-21 15:45:05 [INFO]    [astroclient] > synced 7 command(s)[0m
[32m2024-02-21 15:45:05 [INFO]    [astroclient] > Sent news at 2024-02-21 15:45:05.151913 on ThreadID: 1209754133079261245 | ThreadName: News on 21 February 2024 | ServerID: 1023692787985698826 | ServerName: AstroCom Ekip[0m
[32m2024-02-21 15:52:34 [INFO]    [astroclient] > AstroBot_test has connected to Discord![0m
[32m2024-02-21 15:52:34 [INFO]    [astroclient] > synced 7 command(s)[0m
[32m2024-02-21 15:52:34 [INFO]    [astroclient] > Sent news at 2024-02-21 15:52:34.859063 on ThreadID: 1209754133079261245 | ThreadName: News on 21 February 2024 | ServerID: 1023692787985698826 | ServerName: AstroCom Ekip[0m
[32m2024-02-21 15:58:46 [INFO]    [astroclient] > AstroBot_test has connected to Discord![0m
[32m2024-02-21 15:58:46 [INFO]    [astroclient] > synced 7 command(s)[0m
[31m2024-02-21 15:58:46 [ERROR]   [astroclient] > error syncing commands: Task is already launched and is not completed.[0m
[32m2024-02-21 16:01:58 [INFO]    [astroclient] > AstroBot_test has connected to Discord![0m
[32m2024-02-21 16:01:58 [INFO]    [astroclient] > synced 7 command(s)[0m
[32m2024-02-21 16:01:58 [INFO]    [astroclient] > Sent news at 2024-02-21 16:01:58.564557 on ThreadID: 1209754133079261245 | ThreadName: News on 21 February 2024 | ServerID: 1023692787985698826 | ServerName: AstroCom Ekip[0m
[32m2024-02-21 16:02:20 [INFO]    [astroclient] > Sent news at 2024-02-21 16:02:20.783752 on ThreadID: 1209754133079261245 | ThreadName: News on 21 February 2024 | ServerID: 1023692787985698826 | ServerName: AstroCom Ekip[0m
[32m2024-02-21 16:02:42 [INFO]    [astroclient] > Sent news at 2024-02-21 16:02:42.984142 on ThreadID: 1209754133079261245 | ThreadName: News on 21 February 2024 | ServerID: 1023692787985698826 | ServerName: AstroCom Ekip[0m
[32m2024-02-21 16:03:02 [INFO]    [astroclient] > AstroBot_test has connected to Discord![0m
[32m2024-02-21 16:03:03 [INFO]    [astroclient] > synced 7 command(s)[0m
[32m2024-02-21 16:03:03 [INFO]    [astroclient] > Sent news at 2024-02-21 16:03:03.634388 on ThreadID: 1209754133079261245 | ThreadName: News on 21 February 2024 | ServerID: 1023692787985698826 | ServerName: AstroCom Ekip[0m
[32m2024-02-21 16:05:57 [INFO]    [astroclient] > AstroBot_test has connected to Discord![0m
[32m2024-02-21 16:05:57 [INFO]    [astroclient] > synced 7 command(s)[0m
[32m2024-02-21 16:05:57 [INFO]    [astroclient] > Sent news at 2024-02-21 16:05:57.805720 on ThreadID: 1209754133079261245 | ThreadName: News on 21 February 2024 | ServerID: 1023692787985698826 | ServerName: AstroCom Ekip[0m
[32m2024-02-21 16:11:21 [INFO]    [astroclient] > AstroBot_test has connected to Discord![0m
[32m2024-02-21 16:11:21 [INFO]    [astroclient] > synced 7 command(s)[0m
[32m2024-02-21 16:11:21 [INFO]    [astroclient] > Sent news at 2024-02-21 16:11:21.769031 on ThreadID: 1209754133079261245 | ThreadName: News on 21 February 2024 | ServerID: 1023692787985698826 | ServerName: AstroCom Ekip[0m
[32m2024-02-21 16:15:14 [INFO]    [astroclient] > AstroBot_test has connected to Discord![0m
[32m2024-02-21 16:15:15 [INFO]    [astroclient] > synced 7 command(s)[0m
[32m2024-02-21 16:15:15 [INFO]    [astroclient] > Sent news at 2024-02-21 16:15:15.618229 on ThreadID: 1209754133079261245 | ThreadName: News on 21 February 2024 | ServerID: 1023692787985698826 | ServerName: AstroCom Ekip[0m
[32m2024-02-21 16:15:37 [INFO]    [astroclient] > Sent news at 2024-02-21 16:15:37.660237 on ThreadID: 1209754133079261245 | ThreadName: News on 21 February 2024 | ServerID: 1023692787985698826 | ServerName: AstroCom Ekip[0m
[32m2024-02-21 16:22:17 [INFO]    [astroclient] > AstroBot_test has connected to Discord![0m
[32m2024-02-21 16:22:17 [INFO]    [astroclient] > synced 7 command(s)[0m
[32m2024-02-21 16:22:17 [INFO]    [astroclient] > Sent news at 2024-02-21 16:22:17.702878 on ThreadID: 1209754133079261245 | ThreadName: News on 21 February 2024 | ServerID: 1023692787985698826 | ServerName: AstroCom Ekip[0m
